{"C:\\Users\\FPT\\Documents\\HK5\\SE347\\TravelBookingProject\\backend\\src\\server.js":{"path":"C:\\Users\\FPT\\Documents\\HK5\\SE347\\TravelBookingProject\\backend\\src\\server.js","statementMap":{"0":{"start":{"line":3,"column":0},"end":{"line":5,"column":3}},"1":{"start":{"line":6,"column":0},"end":{"line":6,"column":28}},"2":{"start":{"line":7,"column":15},"end":{"line":7,"column":57}},"3":{"start":{"line":8,"column":18},"end":{"line":8,"column":72}},"4":{"start":{"line":9,"column":11},"end":{"line":9,"column":58}},"5":{"start":{"line":10,"column":17},"end":{"line":10,"column":70}},"6":{"start":{"line":11,"column":11},"end":{"line":11,"column":58}},"7":{"start":{"line":12,"column":39},"end":{"line":12,"column":95}},"8":{"start":{"line":13,"column":10},"end":{"line":13,"column":36}},"9":{"start":{"line":16,"column":0},"end":{"line":16,"column":33}},"10":{"start":{"line":19,"column":0},"end":{"line":19,"column":29}},"11":{"start":{"line":22,"column":0},"end":{"line":22,"column":26}},"12":{"start":{"line":23,"column":0},"end":{"line":23,"column":26}},"13":{"start":{"line":24,"column":11},"end":{"line":24,"column":15}},"14":{"start":{"line":25,"column":0},"end":{"line":27,"column":3}},"15":{"start":{"line":26,"column":2},"end":{"line":26,"column":54}},"16":{"start":{"line":28,"column":15},"end":{"line":28,"column":39}}},"fnMap":{"0":{"name":"_interopRequireDefault","decl":{"start":{"line":12,"column":9},"end":{"line":12,"column":31}},"loc":{"start":{"line":12,"column":37},"end":{"line":12,"column":97}},"line":12},"1":{"name":"(anonymous_1)","decl":{"start":{"line":25,"column":17},"end":{"line":25,"column":18}},"loc":{"start":{"line":25,"column":29},"end":{"line":27,"column":1}},"line":25}},"branchMap":{"0":{"loc":{"start":{"line":12,"column":46},"end":{"line":12,"column":94}},"type":"cond-expr","locations":[{"start":{"line":12,"column":70},"end":{"line":12,"column":73}},{"start":{"line":12,"column":76},"end":{"line":12,"column":94}}],"line":12},"1":{"loc":{"start":{"line":12,"column":46},"end":{"line":12,"column":67}},"type":"binary-expr","locations":[{"start":{"line":12,"column":46},"end":{"line":12,"column":49}},{"start":{"line":12,"column":53},"end":{"line":12,"column":67}}],"line":12}},"s":{"0":1,"1":1,"2":1,"3":1,"4":1,"5":1,"6":1,"7":5,"8":1,"9":1,"10":1,"11":1,"12":1,"13":1,"14":1,"15":1,"16":1},"f":{"0":5,"1":1},"b":{"0":[4,1],"1":[5,5]},"inputSourceMap":{"version":3,"names":["_express","_interopRequireDefault","require","_viewEngine","_web","_connectDB","_api","obj","__esModule","app","express","configViewEngine","connection","initWebRoutes","initApiRoutes","PORT","listen","console","log","_default","exports"],"sourceRoot":"C:\\Users\\FPT\\Documents\\HK5\\SE347\\TravelBookingProject\\backend\\src\\","sources":["server.js"],"sourcesContent":["import express from 'express';\r\nimport configViewEngine from \"./config/viewEngine\";\r\nimport initWebRoutes from \"./routes/web\";\r\nimport connection from \"./config/connectDB\";\r\nimport initApiRoutes from \"./routes/api\";\r\nconst app = express();\r\n\r\n//config view engine\r\nconfigViewEngine(app);\r\n\r\n//set up db - sequelize\r\nconnection();\r\n\r\n//init web routes\r\ninitWebRoutes(app);\r\ninitApiRoutes(app);\r\n\r\nconst PORT = 8080;\r\napp.listen(PORT, () => {\r\n    console.log(\">>> Server is running at port \", PORT);\r\n})\r\n\r\nexport default app;"],"mappings":";;;;;;AAAA,IAAAA,QAAA,GAAAC,sBAAA,CAAAC,OAAA;AACA,IAAAC,WAAA,GAAAF,sBAAA,CAAAC,OAAA;AACA,IAAAE,IAAA,GAAAH,sBAAA,CAAAC,OAAA;AACA,IAAAG,UAAA,GAAAJ,sBAAA,CAAAC,OAAA;AACA,IAAAI,IAAA,GAAAL,sBAAA,CAAAC,OAAA;AAAyC,SAAAD,uBAAAM,GAAA,WAAAA,GAAA,IAAAA,GAAA,CAAAC,UAAA,GAAAD,GAAA,gBAAAA,GAAA;AACzC,IAAME,GAAG,GAAG,IAAAC,mBAAO,EAAC,CAAC;;AAErB;AACA,IAAAC,sBAAgB,EAACF,GAAG,CAAC;;AAErB;AACA,IAAAG,qBAAU,EAAC,CAAC;;AAEZ;AACA,IAAAC,eAAa,EAACJ,GAAG,CAAC;AAClB,IAAAK,eAAa,EAACL,GAAG,CAAC;AAElB,IAAMM,IAAI,GAAG,IAAI;AACjBN,GAAG,CAACO,MAAM,CAACD,IAAI,EAAE,YAAM;EACnBE,OAAO,CAACC,GAAG,CAAC,gCAAgC,EAAEH,IAAI,CAAC;AACvD,CAAC,CAAC;AAAA,IAAAI,QAAA,GAAAC,OAAA,cAEaX,GAAG"},"_coverageSchema":"1a1c01bbd47fc00a2c39e90264f33305004495a9","hash":"909302e223eacc46154674ee7170c05a1afa88cd","contentHash":"e5a6b494a16780769b882df39003707e10f927b61ee1f7fa42f8bc08d26ff839"},"C:\\Users\\FPT\\Documents\\HK5\\SE347\\TravelBookingProject\\backend\\src\\config\\viewEngine.js":{"path":"C:\\Users\\FPT\\Documents\\HK5\\SE347\\TravelBookingProject\\backend\\src\\config\\viewEngine.js","statementMap":{"0":{"start":{"line":3,"column":0},"end":{"line":5,"column":3}},"1":{"start":{"line":6,"column":0},"end":{"line":6,"column":28}},"2":{"start":{"line":7,"column":15},"end":{"line":7,"column":57}},"3":{"start":{"line":8,"column":39},"end":{"line":8,"column":95}},"4":{"start":{"line":13,"column":23},"end":{"line":17,"column":1}},"5":{"start":{"line":14,"column":2},"end":{"line":14,"column":57}},"6":{"start":{"line":15,"column":2},"end":{"line":15,"column":32}},"7":{"start":{"line":16,"column":2},"end":{"line":16,"column":34}},"8":{"start":{"line":18,"column":15},"end":{"line":18,"column":52}}},"fnMap":{"0":{"name":"_interopRequireDefault","decl":{"start":{"line":8,"column":9},"end":{"line":8,"column":31}},"loc":{"start":{"line":8,"column":37},"end":{"line":8,"column":97}},"line":8},"1":{"name":"configViewEngine","decl":{"start":{"line":13,"column":32},"end":{"line":13,"column":48}},"loc":{"start":{"line":13,"column":54},"end":{"line":17,"column":1}},"line":13}},"branchMap":{"0":{"loc":{"start":{"line":8,"column":46},"end":{"line":8,"column":94}},"type":"cond-expr","locations":[{"start":{"line":8,"column":70},"end":{"line":8,"column":73}},{"start":{"line":8,"column":76},"end":{"line":8,"column":94}}],"line":8},"1":{"loc":{"start":{"line":8,"column":46},"end":{"line":8,"column":67}},"type":"binary-expr","locations":[{"start":{"line":8,"column":46},"end":{"line":8,"column":49}},{"start":{"line":8,"column":53},"end":{"line":8,"column":67}}],"line":8}},"s":{"0":1,"1":1,"2":1,"3":1,"4":1,"5":1,"6":1,"7":1,"8":1},"f":{"0":1,"1":1},"b":{"0":[0,1],"1":[1,1]},"inputSourceMap":{"version":3,"names":["_express","_interopRequireDefault","require","obj","__esModule","configViewEngine","app","use","express","set","_default","exports"],"sourceRoot":"C:\\Users\\FPT\\Documents\\HK5\\SE347\\TravelBookingProject\\backend\\src\\config\\","sources":["viewEngine.js"],"sourcesContent":["import express from \"express\";\r\n\r\n/**\r\n * \r\n * @param {*} app - express app\r\n */\r\nconst configViewEngine = (app) => {\r\n    app.use(express.static('./src/public'));\r\n    app.set(\"view engine\", \"ejs\");\r\n    app.set(\"views\", \"./src/views\");\r\n}\r\n\r\nexport default configViewEngine;"],"mappings":";;;;;;AAAA,IAAAA,QAAA,GAAAC,sBAAA,CAAAC,OAAA;AAA8B,SAAAD,uBAAAE,GAAA,WAAAA,GAAA,IAAAA,GAAA,CAAAC,UAAA,GAAAD,GAAA,gBAAAA,GAAA;AAE9B;AACA;AACA;AACA;AACA,IAAME,gBAAgB,GAAG,SAAnBA,gBAAgBA,CAAIC,GAAG,EAAK;EAC9BA,GAAG,CAACC,GAAG,CAACC,mBAAO,UAAO,CAAC,cAAc,CAAC,CAAC;EACvCF,GAAG,CAACG,GAAG,CAAC,aAAa,EAAE,KAAK,CAAC;EAC7BH,GAAG,CAACG,GAAG,CAAC,OAAO,EAAE,aAAa,CAAC;AACnC,CAAC;AAAA,IAAAC,QAAA,GAAAC,OAAA,cAEcN,gBAAgB"},"_coverageSchema":"1a1c01bbd47fc00a2c39e90264f33305004495a9","hash":"b9699423ad014128659d54c57b40f31517d4e0c3","contentHash":"7970a54dc544fe3c122be2e22f3c281fcb11a41f436ca88b52b389661222ac23"},"C:\\Users\\FPT\\Documents\\HK5\\SE347\\TravelBookingProject\\backend\\src\\routes\\web.js":{"path":"C:\\Users\\FPT\\Documents\\HK5\\SE347\\TravelBookingProject\\backend\\src\\routes\\web.js","statementMap":{"0":{"start":{"line":3,"column":0},"end":{"line":5,"column":3}},"1":{"start":{"line":6,"column":0},"end":{"line":6,"column":28}},"2":{"start":{"line":7,"column":15},"end":{"line":7,"column":57}},"3":{"start":{"line":8,"column":22},"end":{"line":8,"column":85}},"4":{"start":{"line":9,"column":39},"end":{"line":9,"column":95}},"5":{"start":{"line":10,"column":13},"end":{"line":10,"column":41}},"6":{"start":{"line":17,"column":20},"end":{"line":29,"column":1}},"7":{"start":{"line":18,"column":2},"end":{"line":18,"column":61}},"8":{"start":{"line":19,"column":2},"end":{"line":19,"column":69}},"9":{"start":{"line":20,"column":2},"end":{"line":20,"column":65}},"10":{"start":{"line":21,"column":2},"end":{"line":21,"column":71}},"11":{"start":{"line":22,"column":2},"end":{"line":22,"column":73}},"12":{"start":{"line":23,"column":2},"end":{"line":23,"column":71}},"13":{"start":{"line":24,"column":2},"end":{"line":24,"column":71}},"14":{"start":{"line":25,"column":2},"end":{"line":25,"column":71}},"15":{"start":{"line":26,"column":2},"end":{"line":26,"column":73}},"16":{"start":{"line":27,"column":2},"end":{"line":27,"column":77}},"17":{"start":{"line":28,"column":2},"end":{"line":28,"column":30}},"18":{"start":{"line":30,"column":15},"end":{"line":30,"column":49}}},"fnMap":{"0":{"name":"_interopRequireDefault","decl":{"start":{"line":9,"column":9},"end":{"line":9,"column":31}},"loc":{"start":{"line":9,"column":37},"end":{"line":9,"column":97}},"line":9},"1":{"name":"initWebRoutes","decl":{"start":{"line":17,"column":29},"end":{"line":17,"column":42}},"loc":{"start":{"line":17,"column":48},"end":{"line":29,"column":1}},"line":17}},"branchMap":{"0":{"loc":{"start":{"line":9,"column":46},"end":{"line":9,"column":94}},"type":"cond-expr","locations":[{"start":{"line":9,"column":70},"end":{"line":9,"column":73}},{"start":{"line":9,"column":76},"end":{"line":9,"column":94}}],"line":9},"1":{"loc":{"start":{"line":9,"column":46},"end":{"line":9,"column":67}},"type":"binary-expr","locations":[{"start":{"line":9,"column":46},"end":{"line":9,"column":49}},{"start":{"line":9,"column":53},"end":{"line":9,"column":67}}],"line":9}},"s":{"0":1,"1":1,"2":1,"3":1,"4":2,"5":1,"6":1,"7":1,"8":1,"9":1,"10":1,"11":1,"12":1,"13":1,"14":1,"15":1,"16":1,"17":1,"18":1},"f":{"0":2,"1":1},"b":{"0":[0,2],"1":[2,2]},"inputSourceMap":{"version":3,"names":["_express","_interopRequireDefault","require","_homeController","obj","__esModule","router","express","Router","initWebRoutes","app","get","homeController","handleHomePage","handleTravelPage","handleTourPage","handlePackagePage","handleDiscountPage","handleAccountPage","handleBookingPage","handleInvoicePage","handleCustomerPage","handleStatisticsPage","use","_default","exports"],"sourceRoot":"C:\\Users\\FPT\\Documents\\HK5\\SE347\\TravelBookingProject\\backend\\src\\routes\\","sources":["web.js"],"sourcesContent":["import express from \"express\";\r\nimport homeController from \"../controller/homeController\";\r\nconst router = express.Router();\r\n\r\n/**\r\n * \r\n * @param {*} app : express app\r\n */\r\n\r\nconst initWebRoutes = (app) => {\r\n    router.get(\"/\", homeController.handleHomePage);\r\n    router.get(\"/travel\", homeController.handleTravelPage);\r\n    router.get(\"/tour\", homeController.handleTourPage);\r\n    router.get(\"/package\", homeController.handlePackagePage);\r\n    router.get(\"/discount\", homeController.handleDiscountPage);\r\n    router.get(\"/account\", homeController.handleAccountPage);\r\n    router.get(\"/booking\", homeController.handleBookingPage);\r\n    router.get(\"/invoice\", homeController.handleInvoicePage);\r\n    router.get(\"/customer\", homeController.handleCustomerPage);\r\n    router.get(\"/statistics\", homeController.handleStatisticsPage);\r\n    return app.use(\"/\", router);\r\n}\r\n\r\nexport default initWebRoutes;"],"mappings":";;;;;;AAAA,IAAAA,QAAA,GAAAC,sBAAA,CAAAC,OAAA;AACA,IAAAC,eAAA,GAAAF,sBAAA,CAAAC,OAAA;AAA0D,SAAAD,uBAAAG,GAAA,WAAAA,GAAA,IAAAA,GAAA,CAAAC,UAAA,GAAAD,GAAA,gBAAAA,GAAA;AAC1D,IAAME,MAAM,GAAGC,mBAAO,CAACC,MAAM,CAAC,CAAC;;AAE/B;AACA;AACA;AACA;;AAEA,IAAMC,aAAa,GAAG,SAAhBA,aAAaA,CAAIC,GAAG,EAAK;EAC3BJ,MAAM,CAACK,GAAG,CAAC,GAAG,EAAEC,0BAAc,CAACC,cAAc,CAAC;EAC9CP,MAAM,CAACK,GAAG,CAAC,SAAS,EAAEC,0BAAc,CAACE,gBAAgB,CAAC;EACtDR,MAAM,CAACK,GAAG,CAAC,OAAO,EAAEC,0BAAc,CAACG,cAAc,CAAC;EAClDT,MAAM,CAACK,GAAG,CAAC,UAAU,EAAEC,0BAAc,CAACI,iBAAiB,CAAC;EACxDV,MAAM,CAACK,GAAG,CAAC,WAAW,EAAEC,0BAAc,CAACK,kBAAkB,CAAC;EAC1DX,MAAM,CAACK,GAAG,CAAC,UAAU,EAAEC,0BAAc,CAACM,iBAAiB,CAAC;EACxDZ,MAAM,CAACK,GAAG,CAAC,UAAU,EAAEC,0BAAc,CAACO,iBAAiB,CAAC;EACxDb,MAAM,CAACK,GAAG,CAAC,UAAU,EAAEC,0BAAc,CAACQ,iBAAiB,CAAC;EACxDd,MAAM,CAACK,GAAG,CAAC,WAAW,EAAEC,0BAAc,CAACS,kBAAkB,CAAC;EAC1Df,MAAM,CAACK,GAAG,CAAC,aAAa,EAAEC,0BAAc,CAACU,oBAAoB,CAAC;EAC9D,OAAOZ,GAAG,CAACa,GAAG,CAAC,GAAG,EAAEjB,MAAM,CAAC;AAC/B,CAAC;AAAA,IAAAkB,QAAA,GAAAC,OAAA,cAEchB,aAAa"},"_coverageSchema":"1a1c01bbd47fc00a2c39e90264f33305004495a9","hash":"b38b0d2c9dbcc020e96913aaf74e5d15d116c23f","contentHash":"c7e1469b34ea7f90ebf58c62f1660307d183859b4763c7881547cf9cb99c5300"},"C:\\Users\\FPT\\Documents\\HK5\\SE347\\TravelBookingProject\\backend\\src\\controller\\homeController.js":{"path":"C:\\Users\\FPT\\Documents\\HK5\\SE347\\TravelBookingProject\\backend\\src\\controller\\homeController.js","statementMap":{"0":{"start":{"line":3,"column":49},"end":{"line":3,"column":316}},"1":{"start":{"line":3,"column":149},"end":{"line":3,"column":165}},"2":{"start":{"line":3,"column":185},"end":{"line":3,"column":301}},"3":{"start":{"line":4,"column":22},"end":{"line":4,"column":83}},"4":{"start":{"line":5,"column":39},"end":{"line":5,"column":95}},"5":{"start":{"line":6,"column":196},"end":{"line":6,"column":263}},"6":{"start":{"line":6,"column":251},"end":{"line":6,"column":260}},"7":{"start":{"line":6,"column":275},"end":{"line":6,"column":277}},"8":{"start":{"line":6,"column":283},"end":{"line":6,"column":299}},"9":{"start":{"line":6,"column":305},"end":{"line":6,"column":321}},"10":{"start":{"line":6,"column":327},"end":{"line":6,"column":390}},"11":{"start":{"line":6,"column":373},"end":{"line":6,"column":388}},"12":{"start":{"line":6,"column":396},"end":{"line":6,"column":437}},"13":{"start":{"line":6,"column":443},"end":{"line":6,"column":469}},"14":{"start":{"line":6,"column":475},"end":{"line":6,"column":511}},"15":{"start":{"line":6,"column":517},"end":{"line":6,"column":549}},"16":{"start":{"line":6,"column":578},"end":{"line":6,"column":681}},"17":{"start":{"line":6,"column":684},"end":{"line":6,"column":777}},"18":{"start":{"line":6,"column":690},"end":{"line":6,"column":705}},"19":{"start":{"line":6,"column":720},"end":{"line":6,"column":775}},"20":{"start":{"line":6,"column":756},"end":{"line":6,"column":772}},"21":{"start":{"line":6,"column":814},"end":{"line":6,"column":867}},"22":{"start":{"line":6,"column":873},"end":{"line":6,"column":899}},"23":{"start":{"line":6,"column":905},"end":{"line":6,"column":925}},"24":{"start":{"line":6,"column":927},"end":{"line":6,"column":991}},"25":{"start":{"line":6,"column":1023},"end":{"line":6,"column":1124}},"26":{"start":{"line":6,"column":1029},"end":{"line":6,"column":1074}},"27":{"start":{"line":6,"column":1089},"end":{"line":6,"column":1122}},"28":{"start":{"line":6,"column":1127},"end":{"line":6,"column":1141}},"29":{"start":{"line":6,"column":1150},"end":{"line":6,"column":1166}},"30":{"start":{"line":6,"column":1172},"end":{"line":6,"column":1188}},"31":{"start":{"line":6,"column":1194},"end":{"line":6,"column":1205}},"32":{"start":{"line":6,"column":1211},"end":{"line":6,"column":1222}},"33":{"start":{"line":6,"column":1228},"end":{"line":6,"column":1230}},"34":{"start":{"line":6,"column":1337},"end":{"line":6,"column":1339}},"35":{"start":{"line":6,"column":1341},"end":{"line":6,"column":1384}},"36":{"start":{"line":6,"column":1368},"end":{"line":6,"column":1380}},"37":{"start":{"line":6,"column":1393},"end":{"line":6,"column":1414}},"38":{"start":{"line":6,"column":1420},"end":{"line":6,"column":1441}},"39":{"start":{"line":6,"column":1443},"end":{"line":6,"column":1483}},"40":{"start":{"line":6,"column":1492},"end":{"line":6,"column":1569}},"41":{"start":{"line":6,"column":1607},"end":{"line":6,"column":1720}},"42":{"start":{"line":6,"column":1658},"end":{"line":6,"column":1716}},"43":{"start":{"line":6,"column":1686},"end":{"line":6,"column":1712}},"44":{"start":{"line":6,"column":1792},"end":{"line":6,"column":1812}},"45":{"start":{"line":6,"column":1814},"end":{"line":6,"column":2152}},"46":{"start":{"line":6,"column":1848},"end":{"line":6,"column":1853}},"47":{"start":{"line":6,"column":1859},"end":{"line":6,"column":1866}},"48":{"start":{"line":6,"column":1868},"end":{"line":6,"column":2150}},"49":{"start":{"line":6,"column":1970},"end":{"line":6,"column":1994}},"50":{"start":{"line":6,"column":2013},"end":{"line":6,"column":2038}},"51":{"start":{"line":6,"column":2077},"end":{"line":6,"column":2095}},"52":{"start":{"line":6,"column":2114},"end":{"line":6,"column":2146}},"53":{"start":{"line":6,"column":2153},"end":{"line":6,"column":2162}},"54":{"start":{"line":6,"column":2172},"end":{"line":6,"column":2435}},"55":{"start":{"line":6,"column":2263},"end":{"line":6,"column":2317}},"56":{"start":{"line":6,"column":2294},"end":{"line":6,"column":2313}},"57":{"start":{"line":6,"column":2320},"end":{"line":6,"column":2429}},"58":{"start":{"line":6,"column":2483},"end":{"line":6,"column":2484}},"59":{"start":{"line":6,"column":2486},"end":{"line":6,"column":3215}},"60":{"start":{"line":6,"column":2511},"end":{"line":6,"column":2572}},"61":{"start":{"line":6,"column":2524},"end":{"line":6,"column":2572}},"62":{"start":{"line":6,"column":2573},"end":{"line":6,"column":2648}},"63":{"start":{"line":6,"column":2588},"end":{"line":6,"column":2615}},"64":{"start":{"line":6,"column":2607},"end":{"line":6,"column":2615}},"65":{"start":{"line":6,"column":2616},"end":{"line":6,"column":2646}},"66":{"start":{"line":6,"column":2649},"end":{"line":6,"column":3212}},"67":{"start":{"line":6,"column":2691},"end":{"line":6,"column":2701}},"68":{"start":{"line":6,"column":2703},"end":{"line":6,"column":2792}},"69":{"start":{"line":6,"column":2720},"end":{"line":6,"column":2745}},"70":{"start":{"line":6,"column":2747},"end":{"line":6,"column":2790}},"71":{"start":{"line":6,"column":2756},"end":{"line":6,"column":2778}},"72":{"start":{"line":6,"column":2769},"end":{"line":6,"column":2778}},"73":{"start":{"line":6,"column":2779},"end":{"line":6,"column":2788}},"74":{"start":{"line":6,"column":2793},"end":{"line":6,"column":2995}},"75":{"start":{"line":6,"column":2818},"end":{"line":6,"column":2843}},"76":{"start":{"line":6,"column":2848},"end":{"line":6,"column":2995}},"77":{"start":{"line":6,"column":2876},"end":{"line":6,"column":2908}},"78":{"start":{"line":6,"column":2889},"end":{"line":6,"column":2908}},"79":{"start":{"line":6,"column":2909},"end":{"line":6,"column":2936}},"80":{"start":{"line":6,"column":2944},"end":{"line":6,"column":2995}},"81":{"start":{"line":6,"column":2996},"end":{"line":6,"column":3002}},"82":{"start":{"line":6,"column":3011},"end":{"line":6,"column":3028}},"83":{"start":{"line":6,"column":3030},"end":{"line":6,"column":3144}},"84":{"start":{"line":6,"column":3057},"end":{"line":6,"column":3103}},"85":{"start":{"line":6,"column":3094},"end":{"line":6,"column":3103}},"86":{"start":{"line":6,"column":3104},"end":{"line":6,"column":3142}},"87":{"start":{"line":6,"column":3145},"end":{"line":6,"column":3210}},"88":{"start":{"line":6,"column":3263},"end":{"line":6,"column":3271}},"89":{"start":{"line":6,"column":3277},"end":{"line":6,"column":3290}},"90":{"start":{"line":6,"column":3292},"end":{"line":6,"column":3576}},"91":{"start":{"line":6,"column":3305},"end":{"line":6,"column":3576}},"92":{"start":{"line":6,"column":3585},"end":{"line":6,"column":3615}},"93":{"start":{"line":6,"column":3617},"end":{"line":6,"column":3704}},"94":{"start":{"line":6,"column":3641},"end":{"line":6,"column":3704}},"95":{"start":{"line":6,"column":3713},"end":{"line":6,"column":3718}},"96":{"start":{"line":6,"column":3720},"end":{"line":6,"column":3975}},"97":{"start":{"line":6,"column":4013},"end":{"line":6,"column":4029}},"98":{"start":{"line":6,"column":4031},"end":{"line":6,"column":4138}},"99":{"start":{"line":6,"column":4177},"end":{"line":6,"column":4195}},"100":{"start":{"line":6,"column":4197},"end":{"line":6,"column":4247}},"101":{"start":{"line":6,"column":4272},"end":{"line":6,"column":4358}},"102":{"start":{"line":6,"column":4382},"end":{"line":6,"column":4703}},"103":{"start":{"line":6,"column":4411},"end":{"line":6,"column":4415}},"104":{"start":{"line":6,"column":4417},"end":{"line":6,"column":4441}},"105":{"start":{"line":6,"column":4424},"end":{"line":6,"column":4441}},"106":{"start":{"line":6,"column":4442},"end":{"line":6,"column":4484}},"107":{"start":{"line":6,"column":4475},"end":{"line":6,"column":4484}},"108":{"start":{"line":6,"column":4485},"end":{"line":6,"column":4701}},"109":{"start":{"line":6,"column":4517},"end":{"line":6,"column":4519}},"110":{"start":{"line":6,"column":4525},"end":{"line":6,"column":4679}},"111":{"start":{"line":6,"column":4543},"end":{"line":6,"column":4632}},"112":{"start":{"line":6,"column":4567},"end":{"line":6,"column":4632}},"113":{"start":{"line":6,"column":4585},"end":{"line":6,"column":4632}},"114":{"start":{"line":6,"column":4633},"end":{"line":6,"column":4677}},"115":{"start":{"line":6,"column":4681},"end":{"line":6,"column":4699}},"116":{"start":{"line":6,"column":4704},"end":{"line":6,"column":4757}},"117":{"start":{"line":6,"column":4760},"end":{"line":6,"column":9059}},"118":{"start":{"line":6,"column":5136},"end":{"line":6,"column":5175}},"119":{"start":{"line":6,"column":5177},"end":{"line":6,"column":5270}},"120":{"start":{"line":6,"column":5298},"end":{"line":6,"column":5497}},"121":{"start":{"line":6,"column":5526},"end":{"line":6,"column":5548}},"122":{"start":{"line":6,"column":5649},"end":{"line":6,"column":5661}},"123":{"start":{"line":6,"column":5736},"end":{"line":6,"column":5766}},"124":{"start":{"line":6,"column":5775},"end":{"line":6,"column":5813}},"125":{"start":{"line":6,"column":5815},"end":{"line":6,"column":5921}},"126":{"start":{"line":6,"column":5882},"end":{"line":6,"column":5917}},"127":{"start":{"line":6,"column":6005},"end":{"line":6,"column":6017}},"128":{"start":{"line":6,"column":6058},"end":{"line":6,"column":6086}},"129":{"start":{"line":6,"column":6123},"end":{"line":6,"column":6132}},"130":{"start":{"line":6,"column":6138},"end":{"line":6,"column":6140}},"131":{"start":{"line":6,"column":6142},"end":{"line":6,"column":6169}},"132":{"start":{"line":6,"column":6159},"end":{"line":6,"column":6169}},"133":{"start":{"line":6,"column":6170},"end":{"line":6,"column":6335}},"134":{"start":{"line":6,"column":6208},"end":{"line":6,"column":6303}},"135":{"start":{"line":6,"column":6236},"end":{"line":6,"column":6243}},"136":{"start":{"line":6,"column":6245},"end":{"line":6,"column":6301}},"137":{"start":{"line":6,"column":6257},"end":{"line":6,"column":6301}},"138":{"start":{"line":6,"column":6304},"end":{"line":6,"column":6332}},"139":{"start":{"line":6,"column":6429},"end":{"line":6,"column":6708}},"140":{"start":{"line":6,"column":6609},"end":{"line":6,"column":6708}},"141":{"start":{"line":6,"column":6629},"end":{"line":6,"column":6708}},"142":{"start":{"line":6,"column":6736},"end":{"line":6,"column":6751}},"143":{"start":{"line":6,"column":6760},"end":{"line":6,"column":6789}},"144":{"start":{"line":6,"column":6791},"end":{"line":6,"column":6827}},"145":{"start":{"line":6,"column":6815},"end":{"line":6,"column":6827}},"146":{"start":{"line":6,"column":6828},"end":{"line":6,"column":6845}},"147":{"start":{"line":6,"column":6900},"end":{"line":6,"column":6923}},"148":{"start":{"line":6,"column":6915},"end":{"line":6,"column":6923}},"149":{"start":{"line":6,"column":6932},"end":{"line":6,"column":6936}},"150":{"start":{"line":6,"column":6962},"end":{"line":6,"column":7051}},"151":{"start":{"line":6,"column":7054},"end":{"line":6,"column":7639}},"152":{"start":{"line":6,"column":7067},"end":{"line":6,"column":7093}},"153":{"start":{"line":6,"column":7118},"end":{"line":6,"column":7136}},"154":{"start":{"line":6,"column":7142},"end":{"line":6,"column":7154}},"155":{"start":{"line":6,"column":7156},"end":{"line":6,"column":7202}},"156":{"start":{"line":6,"column":7181},"end":{"line":6,"column":7202}},"157":{"start":{"line":6,"column":7203},"end":{"line":6,"column":7637}},"158":{"start":{"line":6,"column":7240},"end":{"line":6,"column":7261}},"159":{"start":{"line":6,"column":7267},"end":{"line":6,"column":7290}},"160":{"start":{"line":6,"column":7292},"end":{"line":6,"column":7635}},"161":{"start":{"line":6,"column":7306},"end":{"line":6,"column":7364}},"162":{"start":{"line":6,"column":7334},"end":{"line":6,"column":7364}},"163":{"start":{"line":6,"column":7365},"end":{"line":6,"column":7423}},"164":{"start":{"line":6,"column":7395},"end":{"line":6,"column":7423}},"165":{"start":{"line":6,"column":7431},"end":{"line":6,"column":7635}},"166":{"start":{"line":6,"column":7440},"end":{"line":6,"column":7498}},"167":{"start":{"line":6,"column":7468},"end":{"line":6,"column":7498}},"168":{"start":{"line":6,"column":7508},"end":{"line":6,"column":7574}},"169":{"start":{"line":6,"column":7516},"end":{"line":6,"column":7574}},"170":{"start":{"line":6,"column":7575},"end":{"line":6,"column":7633}},"171":{"start":{"line":6,"column":7605},"end":{"line":6,"column":7633}},"172":{"start":{"line":6,"column":7675},"end":{"line":6,"column":7864}},"173":{"start":{"line":6,"column":7688},"end":{"line":6,"column":7714}},"174":{"start":{"line":6,"column":7739},"end":{"line":6,"column":7757}},"175":{"start":{"line":6,"column":7759},"end":{"line":6,"column":7862}},"176":{"start":{"line":6,"column":7851},"end":{"line":6,"column":7852}},"177":{"start":{"line":6,"column":7854},"end":{"line":6,"column":7860}},"178":{"start":{"line":6,"column":7865},"end":{"line":6,"column":7958}},"179":{"start":{"line":6,"column":7967},"end":{"line":6,"column":7988}},"180":{"start":{"line":6,"column":7990},"end":{"line":6,"column":8095}},"181":{"start":{"line":6,"column":8135},"end":{"line":6,"column":8171}},"182":{"start":{"line":6,"column":8159},"end":{"line":6,"column":8171}},"183":{"start":{"line":6,"column":8172},"end":{"line":6,"column":8390}},"184":{"start":{"line":6,"column":8423},"end":{"line":6,"column":8601}},"185":{"start":{"line":6,"column":8436},"end":{"line":6,"column":8462}},"186":{"start":{"line":6,"column":8487},"end":{"line":6,"column":8505}},"187":{"start":{"line":6,"column":8507},"end":{"line":6,"column":8599}},"188":{"start":{"line":6,"column":8531},"end":{"line":6,"column":8599}},"189":{"start":{"line":6,"column":8635},"end":{"line":6,"column":8837}},"190":{"start":{"line":6,"column":8648},"end":{"line":6,"column":8674}},"191":{"start":{"line":6,"column":8699},"end":{"line":6,"column":8717}},"192":{"start":{"line":6,"column":8719},"end":{"line":6,"column":8835}},"193":{"start":{"line":6,"column":8749},"end":{"line":6,"column":8761}},"194":{"start":{"line":6,"column":8763},"end":{"line":6,"column":8823}},"195":{"start":{"line":6,"column":8797},"end":{"line":6,"column":8802}},"196":{"start":{"line":6,"column":8804},"end":{"line":6,"column":8821}},"197":{"start":{"line":6,"column":8824},"end":{"line":6,"column":8833}},"198":{"start":{"line":6,"column":8838},"end":{"line":6,"column":8879}},"199":{"start":{"line":6,"column":8932},"end":{"line":6,"column":9051}},"200":{"start":{"line":7,"column":77},"end":{"line":7,"column":175}},"201":{"start":{"line":7,"column":94},"end":{"line":7,"column":107}},"202":{"start":{"line":7,"column":121},"end":{"line":7,"column":131}},"203":{"start":{"line":7,"column":151},"end":{"line":7,"column":165}},"204":{"start":{"line":7,"column":166},"end":{"line":7,"column":173}},"205":{"start":{"line":7,"column":176},"end":{"line":7,"column":263}},"206":{"start":{"line":7,"column":193},"end":{"line":7,"column":208}},"207":{"start":{"line":7,"column":218},"end":{"line":7,"column":261}},"208":{"start":{"line":8,"column":33},"end":{"line":8,"column":387}},"209":{"start":{"line":8,"column":65},"end":{"line":8,"column":69}},"210":{"start":{"line":8,"column":78},"end":{"line":8,"column":87}},"211":{"start":{"line":8,"column":89},"end":{"line":8,"column":384}},"212":{"start":{"line":8,"column":147},"end":{"line":8,"column":167}},"213":{"start":{"line":8,"column":193},"end":{"line":8,"column":264}},"214":{"start":{"line":8,"column":290},"end":{"line":8,"column":360}},"215":{"start":{"line":8,"column":363},"end":{"line":8,"column":380}},"216":{"start":{"line":9,"column":34},"end":{"line":26,"column":3}},"217":{"start":{"line":10,"column":13},"end":{"line":22,"column":5}},"218":{"start":{"line":11,"column":4},"end":{"line":21,"column":16}},"219":{"start":{"line":12,"column":6},"end":{"line":20,"column":7}},"220":{"start":{"line":12,"column":16},"end":{"line":20,"column":7}},"221":{"start":{"line":14,"column":10},"end":{"line":16,"column":14}},"222":{"start":{"line":19,"column":10},"end":{"line":19,"column":33}},"223":{"start":{"line":23,"column":2},"end":{"line":25,"column":4}},"224":{"start":{"line":24,"column":4},"end":{"line":24,"column":39}},"225":{"start":{"line":27,"column":36},"end":{"line":44,"column":3}},"226":{"start":{"line":28,"column":14},"end":{"line":40,"column":5}},"227":{"start":{"line":29,"column":4},"end":{"line":39,"column":17}},"228":{"start":{"line":30,"column":6},"end":{"line":38,"column":7}},"229":{"start":{"line":30,"column":16},"end":{"line":38,"column":7}},"230":{"start":{"line":32,"column":10},"end":{"line":34,"column":14}},"231":{"start":{"line":37,"column":10},"end":{"line":37,"column":34}},"232":{"start":{"line":41,"column":2},"end":{"line":43,"column":4}},"233":{"start":{"line":42,"column":4},"end":{"line":42,"column":40}},"234":{"start":{"line":45,"column":34},"end":{"line":62,"column":3}},"235":{"start":{"line":46,"column":14},"end":{"line":58,"column":5}},"236":{"start":{"line":47,"column":4},"end":{"line":57,"column":17}},"237":{"start":{"line":48,"column":6},"end":{"line":56,"column":7}},"238":{"start":{"line":48,"column":16},"end":{"line":56,"column":7}},"239":{"start":{"line":50,"column":10},"end":{"line":52,"column":14}},"240":{"start":{"line":55,"column":10},"end":{"line":55,"column":34}},"241":{"start":{"line":59,"column":2},"end":{"line":61,"column":4}},"242":{"start":{"line":60,"column":4},"end":{"line":60,"column":40}},"243":{"start":{"line":63,"column":37},"end":{"line":97,"column":3}},"244":{"start":{"line":64,"column":14},"end":{"line":93,"column":5}},"245":{"start":{"line":66,"column":4},"end":{"line":92,"column":17}},"246":{"start":{"line":67,"column":6},"end":{"line":91,"column":7}},"247":{"start":{"line":67,"column":16},"end":{"line":91,"column":7}},"248":{"start":{"line":69,"column":10},"end":{"line":69,"column":19}},"249":{"start":{"line":70,"column":10},"end":{"line":74,"column":11}},"250":{"start":{"line":71,"column":12},"end":{"line":71,"column":21}},"251":{"start":{"line":73,"column":12},"end":{"line":73,"column":34}},"252":{"start":{"line":75,"column":10},"end":{"line":75,"column":29}},"253":{"start":{"line":76,"column":10},"end":{"line":76,"column":65}},"254":{"start":{"line":78,"column":10},"end":{"line":78,"column":39}},"255":{"start":{"line":79,"column":10},"end":{"line":79,"column":29}},"256":{"start":{"line":80,"column":10},"end":{"line":80,"column":61}},"257":{"start":{"line":82,"column":10},"end":{"line":82,"column":39}},"258":{"start":{"line":83,"column":10},"end":{"line":87,"column":14}},"259":{"start":{"line":90,"column":10},"end":{"line":90,"column":34}},"260":{"start":{"line":94,"column":2},"end":{"line":96,"column":4}},"261":{"start":{"line":95,"column":4},"end":{"line":95,"column":40}},"262":{"start":{"line":98,"column":38},"end":{"line":115,"column":3}},"263":{"start":{"line":99,"column":14},"end":{"line":111,"column":5}},"264":{"start":{"line":100,"column":4},"end":{"line":110,"column":17}},"265":{"start":{"line":101,"column":6},"end":{"line":109,"column":7}},"266":{"start":{"line":101,"column":16},"end":{"line":109,"column":7}},"267":{"start":{"line":103,"column":10},"end":{"line":105,"column":14}},"268":{"start":{"line":108,"column":10},"end":{"line":108,"column":34}},"269":{"start":{"line":112,"column":2},"end":{"line":114,"column":4}},"270":{"start":{"line":113,"column":4},"end":{"line":113,"column":40}},"271":{"start":{"line":116,"column":37},"end":{"line":133,"column":3}},"272":{"start":{"line":117,"column":14},"end":{"line":129,"column":5}},"273":{"start":{"line":118,"column":4},"end":{"line":128,"column":17}},"274":{"start":{"line":119,"column":6},"end":{"line":127,"column":7}},"275":{"start":{"line":119,"column":16},"end":{"line":127,"column":7}},"276":{"start":{"line":121,"column":10},"end":{"line":123,"column":14}},"277":{"start":{"line":126,"column":10},"end":{"line":126,"column":34}},"278":{"start":{"line":130,"column":2},"end":{"line":132,"column":4}},"279":{"start":{"line":131,"column":4},"end":{"line":131,"column":40}},"280":{"start":{"line":134,"column":37},"end":{"line":151,"column":3}},"281":{"start":{"line":135,"column":14},"end":{"line":147,"column":5}},"282":{"start":{"line":136,"column":4},"end":{"line":146,"column":17}},"283":{"start":{"line":137,"column":6},"end":{"line":145,"column":7}},"284":{"start":{"line":137,"column":16},"end":{"line":145,"column":7}},"285":{"start":{"line":139,"column":10},"end":{"line":141,"column":14}},"286":{"start":{"line":144,"column":10},"end":{"line":144,"column":34}},"287":{"start":{"line":148,"column":2},"end":{"line":150,"column":4}},"288":{"start":{"line":149,"column":4},"end":{"line":149,"column":40}},"289":{"start":{"line":152,"column":37},"end":{"line":169,"column":3}},"290":{"start":{"line":153,"column":14},"end":{"line":165,"column":5}},"291":{"start":{"line":154,"column":4},"end":{"line":164,"column":17}},"292":{"start":{"line":155,"column":6},"end":{"line":163,"column":7}},"293":{"start":{"line":155,"column":16},"end":{"line":163,"column":7}},"294":{"start":{"line":157,"column":10},"end":{"line":159,"column":14}},"295":{"start":{"line":162,"column":10},"end":{"line":162,"column":34}},"296":{"start":{"line":166,"column":2},"end":{"line":168,"column":4}},"297":{"start":{"line":167,"column":4},"end":{"line":167,"column":40}},"298":{"start":{"line":170,"column":38},"end":{"line":187,"column":3}},"299":{"start":{"line":171,"column":14},"end":{"line":183,"column":5}},"300":{"start":{"line":172,"column":4},"end":{"line":182,"column":17}},"301":{"start":{"line":173,"column":6},"end":{"line":181,"column":7}},"302":{"start":{"line":173,"column":16},"end":{"line":181,"column":7}},"303":{"start":{"line":175,"column":10},"end":{"line":177,"column":14}},"304":{"start":{"line":180,"column":10},"end":{"line":180,"column":34}},"305":{"start":{"line":184,"column":2},"end":{"line":186,"column":4}},"306":{"start":{"line":185,"column":4},"end":{"line":185,"column":40}},"307":{"start":{"line":188,"column":40},"end":{"line":205,"column":3}},"308":{"start":{"line":189,"column":15},"end":{"line":201,"column":5}},"309":{"start":{"line":190,"column":4},"end":{"line":200,"column":18}},"310":{"start":{"line":191,"column":6},"end":{"line":199,"column":7}},"311":{"start":{"line":191,"column":16},"end":{"line":199,"column":7}},"312":{"start":{"line":193,"column":10},"end":{"line":195,"column":14}},"313":{"start":{"line":198,"column":10},"end":{"line":198,"column":35}},"314":{"start":{"line":202,"column":2},"end":{"line":204,"column":4}},"315":{"start":{"line":203,"column":4},"end":{"line":203,"column":41}},"316":{"start":{"line":206,"column":0},"end":{"line":217,"column":2}}},"fnMap":{"0":{"name":"_typeof","decl":{"start":{"line":3,"column":9},"end":{"line":3,"column":16}},"loc":{"start":{"line":3,"column":20},"end":{"line":3,"column":318}},"line":3},"1":{"name":"(anonymous_1)","decl":{"start":{"line":3,"column":134},"end":{"line":3,"column":135}},"loc":{"start":{"line":3,"column":147},"end":{"line":3,"column":167}},"line":3},"2":{"name":"(anonymous_2)","decl":{"start":{"line":3,"column":170},"end":{"line":3,"column":171}},"loc":{"start":{"line":3,"column":183},"end":{"line":3,"column":303}},"line":3},"3":{"name":"_interopRequireDefault","decl":{"start":{"line":5,"column":9},"end":{"line":5,"column":31}},"loc":{"start":{"line":5,"column":37},"end":{"line":5,"column":97}},"line":5},"4":{"name":"_regeneratorRuntime","decl":{"start":{"line":6,"column":9},"end":{"line":6,"column":28}},"loc":{"start":{"line":6,"column":31},"end":{"line":6,"column":9061}},"line":6},"5":{"name":"_regeneratorRuntime","decl":{"start":{"line":6,"column":227},"end":{"line":6,"column":246}},"loc":{"start":{"line":6,"column":249},"end":{"line":6,"column":262}},"line":6},"6":{"name":"(anonymous_6)","decl":{"start":{"line":6,"column":352},"end":{"line":6,"column":353}},"loc":{"start":{"line":6,"column":371},"end":{"line":6,"column":390}},"line":6},"7":{"name":"define","decl":{"start":{"line":6,"column":560},"end":{"line":6,"column":566}},"loc":{"start":{"line":6,"column":576},"end":{"line":6,"column":683}},"line":6},"8":{"name":"define","decl":{"start":{"line":6,"column":738},"end":{"line":6,"column":744}},"loc":{"start":{"line":6,"column":754},"end":{"line":6,"column":774}},"line":6},"9":{"name":"wrap","decl":{"start":{"line":6,"column":787},"end":{"line":6,"column":791}},"loc":{"start":{"line":6,"column":804},"end":{"line":6,"column":993}},"line":6},"10":{"name":"tryCatch","decl":{"start":{"line":6,"column":1003},"end":{"line":6,"column":1011}},"loc":{"start":{"line":6,"column":1021},"end":{"line":6,"column":1126}},"line":6},"11":{"name":"Generator","decl":{"start":{"line":6,"column":1241},"end":{"line":6,"column":1250}},"loc":{"start":{"line":6,"column":1253},"end":{"line":6,"column":1255}},"line":6},"12":{"name":"GeneratorFunction","decl":{"start":{"line":6,"column":1265},"end":{"line":6,"column":1282}},"loc":{"start":{"line":6,"column":1285},"end":{"line":6,"column":1287}},"line":6},"13":{"name":"GeneratorFunctionPrototype","decl":{"start":{"line":6,"column":1297},"end":{"line":6,"column":1323}},"loc":{"start":{"line":6,"column":1326},"end":{"line":6,"column":1328}},"line":6},"14":{"name":"(anonymous_14)","decl":{"start":{"line":6,"column":1354},"end":{"line":6,"column":1355}},"loc":{"start":{"line":6,"column":1366},"end":{"line":6,"column":1382}},"line":6},"15":{"name":"defineIteratorMethods","decl":{"start":{"line":6,"column":1580},"end":{"line":6,"column":1601}},"loc":{"start":{"line":6,"column":1605},"end":{"line":6,"column":1722}},"line":6},"16":{"name":"(anonymous_16)","decl":{"start":{"line":6,"column":1643},"end":{"line":6,"column":1644}},"loc":{"start":{"line":6,"column":1656},"end":{"line":6,"column":1718}},"line":6},"17":{"name":"(anonymous_17)","decl":{"start":{"line":6,"column":1671},"end":{"line":6,"column":1672}},"loc":{"start":{"line":6,"column":1684},"end":{"line":6,"column":1714}},"line":6},"18":{"name":"AsyncIterator","decl":{"start":{"line":6,"column":1732},"end":{"line":6,"column":1745}},"loc":{"start":{"line":6,"column":1752},"end":{"line":6,"column":2437}},"line":6},"19":{"name":"invoke","decl":{"start":{"line":6,"column":1763},"end":{"line":6,"column":1769}},"loc":{"start":{"line":6,"column":1782},"end":{"line":6,"column":2164}},"line":6},"20":{"name":"(anonymous_20)","decl":{"start":{"line":6,"column":1955},"end":{"line":6,"column":1956}},"loc":{"start":{"line":6,"column":1968},"end":{"line":6,"column":1996}},"line":6},"21":{"name":"(anonymous_21)","decl":{"start":{"line":6,"column":1998},"end":{"line":6,"column":1999}},"loc":{"start":{"line":6,"column":2011},"end":{"line":6,"column":2040}},"line":6},"22":{"name":"(anonymous_22)","decl":{"start":{"line":6,"column":2062},"end":{"line":6,"column":2063}},"loc":{"start":{"line":6,"column":2075},"end":{"line":6,"column":2097}},"line":6},"23":{"name":"(anonymous_23)","decl":{"start":{"line":6,"column":2099},"end":{"line":6,"column":2100}},"loc":{"start":{"line":6,"column":2112},"end":{"line":6,"column":2148}},"line":6},"24":{"name":"value","decl":{"start":{"line":6,"column":2209},"end":{"line":6,"column":2214}},"loc":{"start":{"line":6,"column":2221},"end":{"line":6,"column":2431}},"line":6},"25":{"name":"callInvokeWithMethodAndArg","decl":{"start":{"line":6,"column":2232},"end":{"line":6,"column":2258}},"loc":{"start":{"line":6,"column":2261},"end":{"line":6,"column":2319}},"line":6},"26":{"name":"(anonymous_26)","decl":{"start":{"line":6,"column":2276},"end":{"line":6,"column":2277}},"loc":{"start":{"line":6,"column":2292},"end":{"line":6,"column":2315}},"line":6},"27":{"name":"makeInvokeMethod","decl":{"start":{"line":6,"column":2447},"end":{"line":6,"column":2463}},"loc":{"start":{"line":6,"column":2473},"end":{"line":6,"column":3217}},"line":6},"28":{"name":"(anonymous_28)","decl":{"start":{"line":6,"column":2493},"end":{"line":6,"column":2494}},"loc":{"start":{"line":6,"column":2509},"end":{"line":6,"column":3214}},"line":6},"29":{"name":"maybeInvokeDelegate","decl":{"start":{"line":6,"column":3227},"end":{"line":6,"column":3246}},"loc":{"start":{"line":6,"column":3253},"end":{"line":6,"column":3977}},"line":6},"30":{"name":"pushTryEntry","decl":{"start":{"line":6,"column":3987},"end":{"line":6,"column":3999}},"loc":{"start":{"line":6,"column":4003},"end":{"line":6,"column":4140}},"line":6},"31":{"name":"resetTryEntry","decl":{"start":{"line":6,"column":4150},"end":{"line":6,"column":4163}},"loc":{"start":{"line":6,"column":4167},"end":{"line":6,"column":4249}},"line":6},"32":{"name":"Context","decl":{"start":{"line":6,"column":4259},"end":{"line":6,"column":4266}},"loc":{"start":{"line":6,"column":4270},"end":{"line":6,"column":4360}},"line":6},"33":{"name":"values","decl":{"start":{"line":6,"column":4370},"end":{"line":6,"column":4376}},"loc":{"start":{"line":6,"column":4380},"end":{"line":6,"column":4759}},"line":6},"34":{"name":"next","decl":{"start":{"line":6,"column":4534},"end":{"line":6,"column":4538}},"loc":{"start":{"line":6,"column":4541},"end":{"line":6,"column":4679}},"line":6},"35":{"name":"(anonymous_35)","decl":{"start":{"line":6,"column":5113},"end":{"line":6,"column":5114}},"loc":{"start":{"line":6,"column":5126},"end":{"line":6,"column":5272}},"line":6},"36":{"name":"(anonymous_36)","decl":{"start":{"line":6,"column":5283},"end":{"line":6,"column":5284}},"loc":{"start":{"line":6,"column":5296},"end":{"line":6,"column":5499}},"line":6},"37":{"name":"(anonymous_37)","decl":{"start":{"line":6,"column":5511},"end":{"line":6,"column":5512}},"loc":{"start":{"line":6,"column":5524},"end":{"line":6,"column":5550}},"line":6},"38":{"name":"(anonymous_38)","decl":{"start":{"line":6,"column":5635},"end":{"line":6,"column":5636}},"loc":{"start":{"line":6,"column":5647},"end":{"line":6,"column":5663}},"line":6},"39":{"name":"(anonymous_39)","decl":{"start":{"line":6,"column":5709},"end":{"line":6,"column":5710}},"loc":{"start":{"line":6,"column":5734},"end":{"line":6,"column":5923}},"line":6},"40":{"name":"(anonymous_40)","decl":{"start":{"line":6,"column":5867},"end":{"line":6,"column":5868}},"loc":{"start":{"line":6,"column":5880},"end":{"line":6,"column":5919}},"line":6},"41":{"name":"(anonymous_41)","decl":{"start":{"line":6,"column":5991},"end":{"line":6,"column":5992}},"loc":{"start":{"line":6,"column":6003},"end":{"line":6,"column":6019}},"line":6},"42":{"name":"(anonymous_42)","decl":{"start":{"line":6,"column":6044},"end":{"line":6,"column":6045}},"loc":{"start":{"line":6,"column":6056},"end":{"line":6,"column":6088}},"line":6},"43":{"name":"(anonymous_43)","decl":{"start":{"line":6,"column":6100},"end":{"line":6,"column":6101}},"loc":{"start":{"line":6,"column":6113},"end":{"line":6,"column":6337}},"line":6},"44":{"name":"next","decl":{"start":{"line":6,"column":6199},"end":{"line":6,"column":6203}},"loc":{"start":{"line":6,"column":6206},"end":{"line":6,"column":6334}},"line":6},"45":{"name":"reset","decl":{"start":{"line":6,"column":6418},"end":{"line":6,"column":6423}},"loc":{"start":{"line":6,"column":6427},"end":{"line":6,"column":6710}},"line":6},"46":{"name":"stop","decl":{"start":{"line":6,"column":6727},"end":{"line":6,"column":6731}},"loc":{"start":{"line":6,"column":6734},"end":{"line":6,"column":6847}},"line":6},"47":{"name":"dispatchException","decl":{"start":{"line":6,"column":6877},"end":{"line":6,"column":6894}},"loc":{"start":{"line":6,"column":6898},"end":{"line":6,"column":7641}},"line":6},"48":{"name":"handle","decl":{"start":{"line":6,"column":6947},"end":{"line":6,"column":6953}},"loc":{"start":{"line":6,"column":6960},"end":{"line":6,"column":7053}},"line":6},"49":{"name":"abrupt","decl":{"start":{"line":6,"column":7660},"end":{"line":6,"column":7666}},"loc":{"start":{"line":6,"column":7673},"end":{"line":6,"column":8097}},"line":6},"50":{"name":"complete","decl":{"start":{"line":6,"column":8118},"end":{"line":6,"column":8126}},"loc":{"start":{"line":6,"column":8133},"end":{"line":6,"column":8392}},"line":6},"51":{"name":"finish","decl":{"start":{"line":6,"column":8411},"end":{"line":6,"column":8417}},"loc":{"start":{"line":6,"column":8421},"end":{"line":6,"column":8603}},"line":6},"52":{"name":"_catch","decl":{"start":{"line":6,"column":8623},"end":{"line":6,"column":8629}},"loc":{"start":{"line":6,"column":8633},"end":{"line":6,"column":8881}},"line":6},"53":{"name":"delegateYield","decl":{"start":{"line":6,"column":8907},"end":{"line":6,"column":8920}},"loc":{"start":{"line":6,"column":8930},"end":{"line":6,"column":9053}},"line":6},"54":{"name":"asyncGeneratorStep","decl":{"start":{"line":7,"column":9},"end":{"line":7,"column":27}},"loc":{"start":{"line":7,"column":75},"end":{"line":7,"column":265}},"line":7},"55":{"name":"_asyncToGenerator","decl":{"start":{"line":8,"column":9},"end":{"line":8,"column":26}},"loc":{"start":{"line":8,"column":31},"end":{"line":8,"column":389}},"line":8},"56":{"name":"(anonymous_56)","decl":{"start":{"line":8,"column":40},"end":{"line":8,"column":41}},"loc":{"start":{"line":8,"column":52},"end":{"line":8,"column":386}},"line":8},"57":{"name":"(anonymous_57)","decl":{"start":{"line":8,"column":108},"end":{"line":8,"column":109}},"loc":{"start":{"line":8,"column":135},"end":{"line":8,"column":382}},"line":8},"58":{"name":"_next","decl":{"start":{"line":8,"column":178},"end":{"line":8,"column":183}},"loc":{"start":{"line":8,"column":191},"end":{"line":8,"column":266}},"line":8},"59":{"name":"_throw","decl":{"start":{"line":8,"column":276},"end":{"line":8,"column":282}},"loc":{"start":{"line":8,"column":288},"end":{"line":8,"column":362}},"line":8},"60":{"name":"(anonymous_60)","decl":{"start":{"line":9,"column":34},"end":{"line":9,"column":35}},"loc":{"start":{"line":9,"column":46},"end":{"line":26,"column":1}},"line":9},"61":{"name":"_callee","decl":{"start":{"line":10,"column":81},"end":{"line":10,"column":88}},"loc":{"start":{"line":10,"column":99},"end":{"line":22,"column":3}},"line":10},"62":{"name":"_callee$","decl":{"start":{"line":11,"column":47},"end":{"line":11,"column":55}},"loc":{"start":{"line":11,"column":66},"end":{"line":21,"column":5}},"line":11},"63":{"name":"handleHomePage","decl":{"start":{"line":23,"column":18},"end":{"line":23,"column":32}},"loc":{"start":{"line":23,"column":42},"end":{"line":25,"column":3}},"line":23},"64":{"name":"(anonymous_64)","decl":{"start":{"line":27,"column":36},"end":{"line":27,"column":37}},"loc":{"start":{"line":27,"column":48},"end":{"line":44,"column":1}},"line":27},"65":{"name":"_callee2","decl":{"start":{"line":28,"column":82},"end":{"line":28,"column":90}},"loc":{"start":{"line":28,"column":101},"end":{"line":40,"column":3}},"line":28},"66":{"name":"_callee2$","decl":{"start":{"line":29,"column":47},"end":{"line":29,"column":56}},"loc":{"start":{"line":29,"column":68},"end":{"line":39,"column":5}},"line":29},"67":{"name":"handleTravelPage","decl":{"start":{"line":41,"column":18},"end":{"line":41,"column":34}},"loc":{"start":{"line":41,"column":45},"end":{"line":43,"column":3}},"line":41},"68":{"name":"(anonymous_68)","decl":{"start":{"line":45,"column":34},"end":{"line":45,"column":35}},"loc":{"start":{"line":45,"column":46},"end":{"line":62,"column":1}},"line":45},"69":{"name":"_callee3","decl":{"start":{"line":46,"column":82},"end":{"line":46,"column":90}},"loc":{"start":{"line":46,"column":101},"end":{"line":58,"column":3}},"line":46},"70":{"name":"_callee3$","decl":{"start":{"line":47,"column":47},"end":{"line":47,"column":56}},"loc":{"start":{"line":47,"column":68},"end":{"line":57,"column":5}},"line":47},"71":{"name":"handleTourPage","decl":{"start":{"line":59,"column":18},"end":{"line":59,"column":32}},"loc":{"start":{"line":59,"column":43},"end":{"line":61,"column":3}},"line":59},"72":{"name":"(anonymous_72)","decl":{"start":{"line":63,"column":37},"end":{"line":63,"column":38}},"loc":{"start":{"line":63,"column":49},"end":{"line":97,"column":1}},"line":63},"73":{"name":"_callee4","decl":{"start":{"line":64,"column":82},"end":{"line":64,"column":90}},"loc":{"start":{"line":64,"column":101},"end":{"line":93,"column":3}},"line":64},"74":{"name":"_callee4$","decl":{"start":{"line":66,"column":47},"end":{"line":66,"column":56}},"loc":{"start":{"line":66,"column":68},"end":{"line":92,"column":5}},"line":66},"75":{"name":"handlePackagePage","decl":{"start":{"line":94,"column":18},"end":{"line":94,"column":35}},"loc":{"start":{"line":94,"column":46},"end":{"line":96,"column":3}},"line":94},"76":{"name":"(anonymous_76)","decl":{"start":{"line":98,"column":38},"end":{"line":98,"column":39}},"loc":{"start":{"line":98,"column":50},"end":{"line":115,"column":1}},"line":98},"77":{"name":"_callee5","decl":{"start":{"line":99,"column":82},"end":{"line":99,"column":90}},"loc":{"start":{"line":99,"column":101},"end":{"line":111,"column":3}},"line":99},"78":{"name":"_callee5$","decl":{"start":{"line":100,"column":47},"end":{"line":100,"column":56}},"loc":{"start":{"line":100,"column":68},"end":{"line":110,"column":5}},"line":100},"79":{"name":"handleDiscountPage","decl":{"start":{"line":112,"column":18},"end":{"line":112,"column":36}},"loc":{"start":{"line":112,"column":48},"end":{"line":114,"column":3}},"line":112},"80":{"name":"(anonymous_80)","decl":{"start":{"line":116,"column":37},"end":{"line":116,"column":38}},"loc":{"start":{"line":116,"column":49},"end":{"line":133,"column":1}},"line":116},"81":{"name":"_callee6","decl":{"start":{"line":117,"column":82},"end":{"line":117,"column":90}},"loc":{"start":{"line":117,"column":101},"end":{"line":129,"column":3}},"line":117},"82":{"name":"_callee6$","decl":{"start":{"line":118,"column":47},"end":{"line":118,"column":56}},"loc":{"start":{"line":118,"column":68},"end":{"line":128,"column":5}},"line":118},"83":{"name":"handleAccountPage","decl":{"start":{"line":130,"column":18},"end":{"line":130,"column":35}},"loc":{"start":{"line":130,"column":48},"end":{"line":132,"column":3}},"line":130},"84":{"name":"(anonymous_84)","decl":{"start":{"line":134,"column":37},"end":{"line":134,"column":38}},"loc":{"start":{"line":134,"column":49},"end":{"line":151,"column":1}},"line":134},"85":{"name":"_callee7","decl":{"start":{"line":135,"column":82},"end":{"line":135,"column":90}},"loc":{"start":{"line":135,"column":101},"end":{"line":147,"column":3}},"line":135},"86":{"name":"_callee7$","decl":{"start":{"line":136,"column":47},"end":{"line":136,"column":56}},"loc":{"start":{"line":136,"column":68},"end":{"line":146,"column":5}},"line":136},"87":{"name":"handleBookingPage","decl":{"start":{"line":148,"column":18},"end":{"line":148,"column":35}},"loc":{"start":{"line":148,"column":48},"end":{"line":150,"column":3}},"line":148},"88":{"name":"(anonymous_88)","decl":{"start":{"line":152,"column":37},"end":{"line":152,"column":38}},"loc":{"start":{"line":152,"column":49},"end":{"line":169,"column":1}},"line":152},"89":{"name":"_callee8","decl":{"start":{"line":153,"column":82},"end":{"line":153,"column":90}},"loc":{"start":{"line":153,"column":101},"end":{"line":165,"column":3}},"line":153},"90":{"name":"_callee8$","decl":{"start":{"line":154,"column":47},"end":{"line":154,"column":56}},"loc":{"start":{"line":154,"column":68},"end":{"line":164,"column":5}},"line":154},"91":{"name":"handleInvoicePage","decl":{"start":{"line":166,"column":18},"end":{"line":166,"column":35}},"loc":{"start":{"line":166,"column":48},"end":{"line":168,"column":3}},"line":166},"92":{"name":"(anonymous_92)","decl":{"start":{"line":170,"column":38},"end":{"line":170,"column":39}},"loc":{"start":{"line":170,"column":50},"end":{"line":187,"column":1}},"line":170},"93":{"name":"_callee9","decl":{"start":{"line":171,"column":82},"end":{"line":171,"column":90}},"loc":{"start":{"line":171,"column":101},"end":{"line":183,"column":3}},"line":171},"94":{"name":"_callee9$","decl":{"start":{"line":172,"column":47},"end":{"line":172,"column":56}},"loc":{"start":{"line":172,"column":68},"end":{"line":182,"column":5}},"line":172},"95":{"name":"handleCustomerPage","decl":{"start":{"line":184,"column":18},"end":{"line":184,"column":36}},"loc":{"start":{"line":184,"column":49},"end":{"line":186,"column":3}},"line":184},"96":{"name":"(anonymous_96)","decl":{"start":{"line":188,"column":40},"end":{"line":188,"column":41}},"loc":{"start":{"line":188,"column":52},"end":{"line":205,"column":1}},"line":188},"97":{"name":"_callee10","decl":{"start":{"line":189,"column":83},"end":{"line":189,"column":92}},"loc":{"start":{"line":189,"column":103},"end":{"line":201,"column":3}},"line":189},"98":{"name":"_callee10$","decl":{"start":{"line":190,"column":47},"end":{"line":190,"column":57}},"loc":{"start":{"line":190,"column":70},"end":{"line":200,"column":5}},"line":190},"99":{"name":"handleStatisticsPage","decl":{"start":{"line":202,"column":18},"end":{"line":202,"column":38}},"loc":{"start":{"line":202,"column":51},"end":{"line":204,"column":3}},"line":202}},"branchMap":{"0":{"loc":{"start":{"line":3,"column":66},"end":{"line":3,"column":303}},"type":"cond-expr","locations":[{"start":{"line":3,"column":134},"end":{"line":3,"column":167}},{"start":{"line":3,"column":170},"end":{"line":3,"column":303}}],"line":3},"1":{"loc":{"start":{"line":3,"column":66},"end":{"line":3,"column":131}},"type":"binary-expr","locations":[{"start":{"line":3,"column":66},"end":{"line":3,"column":93}},{"start":{"line":3,"column":97},"end":{"line":3,"column":131}}],"line":3},"2":{"loc":{"start":{"line":3,"column":192},"end":{"line":3,"column":300}},"type":"cond-expr","locations":[{"start":{"line":3,"column":281},"end":{"line":3,"column":289}},{"start":{"line":3,"column":292},"end":{"line":3,"column":300}}],"line":3},"3":{"loc":{"start":{"line":3,"column":192},"end":{"line":3,"column":278}},"type":"binary-expr","locations":[{"start":{"line":3,"column":192},"end":{"line":3,"column":193}},{"start":{"line":3,"column":197},"end":{"line":3,"column":224}},{"start":{"line":3,"column":228},"end":{"line":3,"column":252}},{"start":{"line":3,"column":256},"end":{"line":3,"column":278}}],"line":3},"4":{"loc":{"start":{"line":5,"column":46},"end":{"line":5,"column":94}},"type":"cond-expr","locations":[{"start":{"line":5,"column":70},"end":{"line":5,"column":73}},{"start":{"line":5,"column":76},"end":{"line":5,"column":94}}],"line":5},"5":{"loc":{"start":{"line":5,"column":46},"end":{"line":5,"column":67}},"type":"binary-expr","locations":[{"start":{"line":5,"column":46},"end":{"line":5,"column":49}},{"start":{"line":5,"column":53},"end":{"line":5,"column":67}}],"line":5},"6":{"loc":{"start":{"line":6,"column":327},"end":{"line":6,"column":390}},"type":"binary-expr","locations":[{"start":{"line":6,"column":327},"end":{"line":6,"column":348}},{"start":{"line":6,"column":352},"end":{"line":6,"column":390}}],"line":6},"7":{"loc":{"start":{"line":6,"column":396},"end":{"line":6,"column":437}},"type":"cond-expr","locations":[{"start":{"line":6,"column":426},"end":{"line":6,"column":432}},{"start":{"line":6,"column":435},"end":{"line":6,"column":437}}],"line":6},"8":{"loc":{"start":{"line":6,"column":443},"end":{"line":6,"column":469}},"type":"binary-expr","locations":[{"start":{"line":6,"column":443},"end":{"line":6,"column":453}},{"start":{"line":6,"column":457},"end":{"line":6,"column":469}}],"line":6},"9":{"loc":{"start":{"line":6,"column":475},"end":{"line":6,"column":511}},"type":"binary-expr","locations":[{"start":{"line":6,"column":475},"end":{"line":6,"column":490}},{"start":{"line":6,"column":494},"end":{"line":6,"column":511}}],"line":6},"10":{"loc":{"start":{"line":6,"column":517},"end":{"line":6,"column":549}},"type":"binary-expr","locations":[{"start":{"line":6,"column":517},"end":{"line":6,"column":530}},{"start":{"line":6,"column":534},"end":{"line":6,"column":549}}],"line":6},"11":{"loc":{"start":{"line":6,"column":814},"end":{"line":6,"column":867}},"type":"cond-expr","locations":[{"start":{"line":6,"column":854},"end":{"line":6,"column":855}},{"start":{"line":6,"column":858},"end":{"line":6,"column":867}}],"line":6},"12":{"loc":{"start":{"line":6,"column":814},"end":{"line":6,"column":851}},"type":"binary-expr","locations":[{"start":{"line":6,"column":814},"end":{"line":6,"column":815}},{"start":{"line":6,"column":819},"end":{"line":6,"column":851}}],"line":6},"13":{"loc":{"start":{"line":6,"column":917},"end":{"line":6,"column":924}},"type":"binary-expr","locations":[{"start":{"line":6,"column":917},"end":{"line":6,"column":918}},{"start":{"line":6,"column":922},"end":{"line":6,"column":924}}],"line":6},"14":{"loc":{"start":{"line":6,"column":1420},"end":{"line":6,"column":1441}},"type":"binary-expr","locations":[{"start":{"line":6,"column":1420},"end":{"line":6,"column":1421}},{"start":{"line":6,"column":1425},"end":{"line":6,"column":1441}}],"line":6},"15":{"loc":{"start":{"line":6,"column":1443},"end":{"line":6,"column":1482}},"type":"binary-expr","locations":[{"start":{"line":6,"column":1443},"end":{"line":6,"column":1444}},{"start":{"line":6,"column":1448},"end":{"line":6,"column":1455}},{"start":{"line":6,"column":1459},"end":{"line":6,"column":1471}},{"start":{"line":6,"column":1476},"end":{"line":6,"column":1481}}],"line":6},"16":{"loc":{"start":{"line":6,"column":1814},"end":{"line":6,"column":2152}},"type":"if","locations":[{"start":{"line":6,"column":1814},"end":{"line":6,"column":2152}},{"start":{"line":6,"column":1814},"end":{"line":6,"column":2152}}],"line":6},"17":{"loc":{"start":{"line":6,"column":1875},"end":{"line":6,"column":2149}},"type":"cond-expr","locations":[{"start":{"line":6,"column":1929},"end":{"line":6,"column":2041}},{"start":{"line":6,"column":2044},"end":{"line":6,"column":2149}}],"line":6},"18":{"loc":{"start":{"line":6,"column":1875},"end":{"line":6,"column":1926}},"type":"binary-expr","locations":[{"start":{"line":6,"column":1875},"end":{"line":6,"column":1876}},{"start":{"line":6,"column":1880},"end":{"line":6,"column":1902}},{"start":{"line":6,"column":1906},"end":{"line":6,"column":1926}}],"line":6},"19":{"loc":{"start":{"line":6,"column":2331},"end":{"line":6,"column":2428}},"type":"cond-expr","locations":[{"start":{"line":6,"column":2335},"end":{"line":6,"column":2397}},{"start":{"line":6,"column":2400},"end":{"line":6,"column":2428}}],"line":6},"20":{"loc":{"start":{"line":6,"column":2511},"end":{"line":6,"column":2572}},"type":"if","locations":[{"start":{"line":6,"column":2511},"end":{"line":6,"column":2572}},{"start":{"line":6,"column":2511},"end":{"line":6,"column":2572}}],"line":6},"21":{"loc":{"start":{"line":6,"column":2573},"end":{"line":6,"column":2648}},"type":"if","locations":[{"start":{"line":6,"column":2573},"end":{"line":6,"column":2648}},{"start":{"line":6,"column":2573},"end":{"line":6,"column":2648}}],"line":6},"22":{"loc":{"start":{"line":6,"column":2588},"end":{"line":6,"column":2615}},"type":"if","locations":[{"start":{"line":6,"column":2588},"end":{"line":6,"column":2615}},{"start":{"line":6,"column":2588},"end":{"line":6,"column":2615}}],"line":6},"23":{"loc":{"start":{"line":6,"column":2703},"end":{"line":6,"column":2792}},"type":"if","locations":[{"start":{"line":6,"column":2703},"end":{"line":6,"column":2792}},{"start":{"line":6,"column":2703},"end":{"line":6,"column":2792}}],"line":6},"24":{"loc":{"start":{"line":6,"column":2747},"end":{"line":6,"column":2790}},"type":"if","locations":[{"start":{"line":6,"column":2747},"end":{"line":6,"column":2790}},{"start":{"line":6,"column":2747},"end":{"line":6,"column":2790}}],"line":6},"25":{"loc":{"start":{"line":6,"column":2756},"end":{"line":6,"column":2778}},"type":"if","locations":[{"start":{"line":6,"column":2756},"end":{"line":6,"column":2778}},{"start":{"line":6,"column":2756},"end":{"line":6,"column":2778}}],"line":6},"26":{"loc":{"start":{"line":6,"column":2793},"end":{"line":6,"column":2995}},"type":"if","locations":[{"start":{"line":6,"column":2793},"end":{"line":6,"column":2995}},{"start":{"line":6,"column":2793},"end":{"line":6,"column":2995}}],"line":6},"27":{"loc":{"start":{"line":6,"column":2848},"end":{"line":6,"column":2995}},"type":"if","locations":[{"start":{"line":6,"column":2848},"end":{"line":6,"column":2995}},{"start":{"line":6,"column":2848},"end":{"line":6,"column":2995}}],"line":6},"28":{"loc":{"start":{"line":6,"column":2876},"end":{"line":6,"column":2908}},"type":"if","locations":[{"start":{"line":6,"column":2876},"end":{"line":6,"column":2908}},{"start":{"line":6,"column":2876},"end":{"line":6,"column":2908}}],"line":6},"29":{"loc":{"start":{"line":6,"column":2944},"end":{"line":6,"column":2994}},"type":"binary-expr","locations":[{"start":{"line":6,"column":2944},"end":{"line":6,"column":2965}},{"start":{"line":6,"column":2969},"end":{"line":6,"column":2994}}],"line":6},"30":{"loc":{"start":{"line":6,"column":3030},"end":{"line":6,"column":3144}},"type":"if","locations":[{"start":{"line":6,"column":3030},"end":{"line":6,"column":3144}},{"start":{"line":6,"column":3030},"end":{"line":6,"column":3144}}],"line":6},"31":{"loc":{"start":{"line":6,"column":3057},"end":{"line":6,"column":3103}},"type":"if","locations":[{"start":{"line":6,"column":3057},"end":{"line":6,"column":3103}},{"start":{"line":6,"column":3057},"end":{"line":6,"column":3103}}],"line":6},"32":{"loc":{"start":{"line":6,"column":3065},"end":{"line":6,"column":3079}},"type":"cond-expr","locations":[{"start":{"line":6,"column":3074},"end":{"line":6,"column":3075}},{"start":{"line":6,"column":3078},"end":{"line":6,"column":3079}}],"line":6},"33":{"loc":{"start":{"line":6,"column":3145},"end":{"line":6,"column":3209}},"type":"binary-expr","locations":[{"start":{"line":6,"column":3145},"end":{"line":6,"column":3163}},{"start":{"line":6,"column":3168},"end":{"line":6,"column":3208}}],"line":6},"34":{"loc":{"start":{"line":6,"column":3292},"end":{"line":6,"column":3576}},"type":"if","locations":[{"start":{"line":6,"column":3292},"end":{"line":6,"column":3576}},{"start":{"line":6,"column":3292},"end":{"line":6,"column":3576}}],"line":6},"35":{"loc":{"start":{"line":6,"column":3331},"end":{"line":6,"column":3572}},"type":"binary-expr","locations":[{"start":{"line":6,"column":3331},"end":{"line":6,"column":3344}},{"start":{"line":6,"column":3348},"end":{"line":6,"column":3368}},{"start":{"line":6,"column":3373},"end":{"line":6,"column":3452}},{"start":{"line":6,"column":3457},"end":{"line":6,"column":3471}},{"start":{"line":6,"column":3476},"end":{"line":6,"column":3571}}],"line":6},"36":{"loc":{"start":{"line":6,"column":3617},"end":{"line":6,"column":3704}},"type":"if","locations":[{"start":{"line":6,"column":3617},"end":{"line":6,"column":3704}},{"start":{"line":6,"column":3617},"end":{"line":6,"column":3704}}],"line":6},"37":{"loc":{"start":{"line":6,"column":3727},"end":{"line":6,"column":3974}},"type":"cond-expr","locations":[{"start":{"line":6,"column":3731},"end":{"line":6,"column":3870}},{"start":{"line":6,"column":3874},"end":{"line":6,"column":3973}}],"line":6},"38":{"loc":{"start":{"line":6,"column":3731},"end":{"line":6,"column":3870}},"type":"cond-expr","locations":[{"start":{"line":6,"column":3741},"end":{"line":6,"column":3865}},{"start":{"line":6,"column":3869},"end":{"line":6,"column":3870}}],"line":6},"39":{"loc":{"start":{"line":6,"column":3788},"end":{"line":6,"column":3843}},"type":"binary-expr","locations":[{"start":{"line":6,"column":3788},"end":{"line":6,"column":3809}},{"start":{"line":6,"column":3814},"end":{"line":6,"column":3842}}],"line":6},"40":{"loc":{"start":{"line":6,"column":4031},"end":{"line":6,"column":4060}},"type":"binary-expr","locations":[{"start":{"line":6,"column":4031},"end":{"line":6,"column":4037}},{"start":{"line":6,"column":4042},"end":{"line":6,"column":4059}}],"line":6},"41":{"loc":{"start":{"line":6,"column":4062},"end":{"line":6,"column":4112}},"type":"binary-expr","locations":[{"start":{"line":6,"column":4062},"end":{"line":6,"column":4068}},{"start":{"line":6,"column":4073},"end":{"line":6,"column":4111}}],"line":6},"42":{"loc":{"start":{"line":6,"column":4177},"end":{"line":6,"column":4195}},"type":"binary-expr","locations":[{"start":{"line":6,"column":4177},"end":{"line":6,"column":4189}},{"start":{"line":6,"column":4193},"end":{"line":6,"column":4195}}],"line":6},"43":{"loc":{"start":{"line":6,"column":4382},"end":{"line":6,"column":4703}},"type":"if","locations":[{"start":{"line":6,"column":4382},"end":{"line":6,"column":4703}},{"start":{"line":6,"column":4382},"end":{"line":6,"column":4703}}],"line":6},"44":{"loc":{"start":{"line":6,"column":4386},"end":{"line":6,"column":4399}},"type":"binary-expr","locations":[{"start":{"line":6,"column":4386},"end":{"line":6,"column":4387}},{"start":{"line":6,"column":4391},"end":{"line":6,"column":4399}}],"line":6},"45":{"loc":{"start":{"line":6,"column":4417},"end":{"line":6,"column":4441}},"type":"if","locations":[{"start":{"line":6,"column":4417},"end":{"line":6,"column":4441}},{"start":{"line":6,"column":4417},"end":{"line":6,"column":4441}}],"line":6},"46":{"loc":{"start":{"line":6,"column":4442},"end":{"line":6,"column":4484}},"type":"if","locations":[{"start":{"line":6,"column":4442},"end":{"line":6,"column":4484}},{"start":{"line":6,"column":4442},"end":{"line":6,"column":4484}}],"line":6},"47":{"loc":{"start":{"line":6,"column":4485},"end":{"line":6,"column":4701}},"type":"if","locations":[{"start":{"line":6,"column":4485},"end":{"line":6,"column":4701}},{"start":{"line":6,"column":4485},"end":{"line":6,"column":4701}}],"line":6},"48":{"loc":{"start":{"line":6,"column":4567},"end":{"line":6,"column":4632}},"type":"if","locations":[{"start":{"line":6,"column":4567},"end":{"line":6,"column":4632}},{"start":{"line":6,"column":4567},"end":{"line":6,"column":4632}}],"line":6},"49":{"loc":{"start":{"line":6,"column":5136},"end":{"line":6,"column":5175}},"type":"binary-expr","locations":[{"start":{"line":6,"column":5136},"end":{"line":6,"column":5158}},{"start":{"line":6,"column":5162},"end":{"line":6,"column":5175}}],"line":6},"50":{"loc":{"start":{"line":6,"column":5184},"end":{"line":6,"column":5269}},"type":"binary-expr","locations":[{"start":{"line":6,"column":5184},"end":{"line":6,"column":5187}},{"start":{"line":6,"column":5192},"end":{"line":6,"column":5215}},{"start":{"line":6,"column":5219},"end":{"line":6,"column":5268}}],"line":6},"51":{"loc":{"start":{"line":6,"column":5244},"end":{"line":6,"column":5267}},"type":"binary-expr","locations":[{"start":{"line":6,"column":5244},"end":{"line":6,"column":5257}},{"start":{"line":6,"column":5261},"end":{"line":6,"column":5267}}],"line":6},"52":{"loc":{"start":{"line":6,"column":5305},"end":{"line":6,"column":5461}},"type":"cond-expr","locations":[{"start":{"line":6,"column":5329},"end":{"line":6,"column":5381}},{"start":{"line":6,"column":5385},"end":{"line":6,"column":5460}}],"line":6},"53":{"loc":{"start":{"line":6,"column":5736},"end":{"line":6,"column":5765}},"type":"binary-expr","locations":[{"start":{"line":6,"column":5736},"end":{"line":6,"column":5748}},{"start":{"line":6,"column":5753},"end":{"line":6,"column":5764}}],"line":6},"54":{"loc":{"start":{"line":6,"column":5822},"end":{"line":6,"column":5920}},"type":"cond-expr","locations":[{"start":{"line":6,"column":5849},"end":{"line":6,"column":5850}},{"start":{"line":6,"column":5853},"end":{"line":6,"column":5920}}],"line":6},"55":{"loc":{"start":{"line":6,"column":5889},"end":{"line":6,"column":5916}},"type":"cond-expr","locations":[{"start":{"line":6,"column":5898},"end":{"line":6,"column":5905}},{"start":{"line":6,"column":5908},"end":{"line":6,"column":5916}}],"line":6},"56":{"loc":{"start":{"line":6,"column":6245},"end":{"line":6,"column":6301}},"type":"if","locations":[{"start":{"line":6,"column":6245},"end":{"line":6,"column":6301}},{"start":{"line":6,"column":6245},"end":{"line":6,"column":6301}}],"line":6},"57":{"loc":{"start":{"line":6,"column":6429},"end":{"line":6,"column":6708}},"type":"if","locations":[{"start":{"line":6,"column":6429},"end":{"line":6,"column":6708}},{"start":{"line":6,"column":6429},"end":{"line":6,"column":6708}}],"line":6},"58":{"loc":{"start":{"line":6,"column":6629},"end":{"line":6,"column":6707}},"type":"binary-expr","locations":[{"start":{"line":6,"column":6629},"end":{"line":6,"column":6648}},{"start":{"line":6,"column":6652},"end":{"line":6,"column":6667}},{"start":{"line":6,"column":6671},"end":{"line":6,"column":6690}},{"start":{"line":6,"column":6695},"end":{"line":6,"column":6706}}],"line":6},"59":{"loc":{"start":{"line":6,"column":6791},"end":{"line":6,"column":6827}},"type":"if","locations":[{"start":{"line":6,"column":6791},"end":{"line":6,"column":6827}},{"start":{"line":6,"column":6791},"end":{"line":6,"column":6827}}],"line":6},"60":{"loc":{"start":{"line":6,"column":6900},"end":{"line":6,"column":6923}},"type":"if","locations":[{"start":{"line":6,"column":6900},"end":{"line":6,"column":6923}},{"start":{"line":6,"column":6900},"end":{"line":6,"column":6923}}],"line":6},"61":{"loc":{"start":{"line":6,"column":7010},"end":{"line":6,"column":7045}},"type":"binary-expr","locations":[{"start":{"line":6,"column":7010},"end":{"line":6,"column":7011}},{"start":{"line":6,"column":7016},"end":{"line":6,"column":7044}}],"line":6},"62":{"loc":{"start":{"line":6,"column":7156},"end":{"line":6,"column":7202}},"type":"if","locations":[{"start":{"line":6,"column":7156},"end":{"line":6,"column":7202}},{"start":{"line":6,"column":7156},"end":{"line":6,"column":7202}}],"line":6},"63":{"loc":{"start":{"line":6,"column":7203},"end":{"line":6,"column":7637}},"type":"if","locations":[{"start":{"line":6,"column":7203},"end":{"line":6,"column":7637}},{"start":{"line":6,"column":7203},"end":{"line":6,"column":7637}}],"line":6},"64":{"loc":{"start":{"line":6,"column":7292},"end":{"line":6,"column":7635}},"type":"if","locations":[{"start":{"line":6,"column":7292},"end":{"line":6,"column":7635}},{"start":{"line":6,"column":7292},"end":{"line":6,"column":7635}}],"line":6},"65":{"loc":{"start":{"line":6,"column":7296},"end":{"line":6,"column":7302}},"type":"binary-expr","locations":[{"start":{"line":6,"column":7296},"end":{"line":6,"column":7297}},{"start":{"line":6,"column":7301},"end":{"line":6,"column":7302}}],"line":6},"66":{"loc":{"start":{"line":6,"column":7306},"end":{"line":6,"column":7364}},"type":"if","locations":[{"start":{"line":6,"column":7306},"end":{"line":6,"column":7364}},{"start":{"line":6,"column":7306},"end":{"line":6,"column":7364}}],"line":6},"67":{"loc":{"start":{"line":6,"column":7365},"end":{"line":6,"column":7423}},"type":"if","locations":[{"start":{"line":6,"column":7365},"end":{"line":6,"column":7423}},{"start":{"line":6,"column":7365},"end":{"line":6,"column":7423}}],"line":6},"68":{"loc":{"start":{"line":6,"column":7431},"end":{"line":6,"column":7635}},"type":"if","locations":[{"start":{"line":6,"column":7431},"end":{"line":6,"column":7635}},{"start":{"line":6,"column":7431},"end":{"line":6,"column":7635}}],"line":6},"69":{"loc":{"start":{"line":6,"column":7440},"end":{"line":6,"column":7498}},"type":"if","locations":[{"start":{"line":6,"column":7440},"end":{"line":6,"column":7498}},{"start":{"line":6,"column":7440},"end":{"line":6,"column":7498}}],"line":6},"70":{"loc":{"start":{"line":6,"column":7508},"end":{"line":6,"column":7574}},"type":"if","locations":[{"start":{"line":6,"column":7508},"end":{"line":6,"column":7574}},{"start":{"line":6,"column":7508},"end":{"line":6,"column":7574}}],"line":6},"71":{"loc":{"start":{"line":6,"column":7575},"end":{"line":6,"column":7633}},"type":"if","locations":[{"start":{"line":6,"column":7575},"end":{"line":6,"column":7633}},{"start":{"line":6,"column":7575},"end":{"line":6,"column":7633}}],"line":6},"72":{"loc":{"start":{"line":6,"column":7759},"end":{"line":6,"column":7862}},"type":"if","locations":[{"start":{"line":6,"column":7759},"end":{"line":6,"column":7862}},{"start":{"line":6,"column":7759},"end":{"line":6,"column":7862}}],"line":6},"73":{"loc":{"start":{"line":6,"column":7763},"end":{"line":6,"column":7839}},"type":"binary-expr","locations":[{"start":{"line":6,"column":7763},"end":{"line":6,"column":7784}},{"start":{"line":6,"column":7788},"end":{"line":6,"column":7811}},{"start":{"line":6,"column":7815},"end":{"line":6,"column":7839}}],"line":6},"74":{"loc":{"start":{"line":6,"column":7865},"end":{"line":6,"column":7957}},"type":"binary-expr","locations":[{"start":{"line":6,"column":7865},"end":{"line":6,"column":7866}},{"start":{"line":6,"column":7871},"end":{"line":6,"column":7884}},{"start":{"line":6,"column":7888},"end":{"line":6,"column":7904}},{"start":{"line":6,"column":7909},"end":{"line":6,"column":7922}},{"start":{"line":6,"column":7926},"end":{"line":6,"column":7943}},{"start":{"line":6,"column":7948},"end":{"line":6,"column":7956}}],"line":6},"75":{"loc":{"start":{"line":6,"column":7967},"end":{"line":6,"column":7988}},"type":"cond-expr","locations":[{"start":{"line":6,"column":7971},"end":{"line":6,"column":7983}},{"start":{"line":6,"column":7986},"end":{"line":6,"column":7988}}],"line":6},"76":{"loc":{"start":{"line":6,"column":8020},"end":{"line":6,"column":8094}},"type":"cond-expr","locations":[{"start":{"line":6,"column":8025},"end":{"line":6,"column":8074}},{"start":{"line":6,"column":8078},"end":{"line":6,"column":8094}}],"line":6},"77":{"loc":{"start":{"line":6,"column":8135},"end":{"line":6,"column":8171}},"type":"if","locations":[{"start":{"line":6,"column":8135},"end":{"line":6,"column":8171}},{"start":{"line":6,"column":8135},"end":{"line":6,"column":8171}}],"line":6},"78":{"loc":{"start":{"line":6,"column":8179},"end":{"line":6,"column":8386}},"type":"cond-expr","locations":[{"start":{"line":6,"column":8225},"end":{"line":6,"column":8242}},{"start":{"line":6,"column":8245},"end":{"line":6,"column":8386}}],"line":6},"79":{"loc":{"start":{"line":6,"column":8179},"end":{"line":6,"column":8222}},"type":"binary-expr","locations":[{"start":{"line":6,"column":8179},"end":{"line":6,"column":8197}},{"start":{"line":6,"column":8201},"end":{"line":6,"column":8222}}],"line":6},"80":{"loc":{"start":{"line":6,"column":8245},"end":{"line":6,"column":8386}},"type":"cond-expr","locations":[{"start":{"line":6,"column":8268},"end":{"line":6,"column":8339}},{"start":{"line":6,"column":8343},"end":{"line":6,"column":8386}}],"line":6},"81":{"loc":{"start":{"line":6,"column":8343},"end":{"line":6,"column":8386}},"type":"binary-expr","locations":[{"start":{"line":6,"column":8343},"end":{"line":6,"column":8362}},{"start":{"line":6,"column":8366},"end":{"line":6,"column":8367}},{"start":{"line":6,"column":8372},"end":{"line":6,"column":8385}}],"line":6},"82":{"loc":{"start":{"line":6,"column":8507},"end":{"line":6,"column":8599}},"type":"if","locations":[{"start":{"line":6,"column":8507},"end":{"line":6,"column":8599}},{"start":{"line":6,"column":8507},"end":{"line":6,"column":8599}}],"line":6},"83":{"loc":{"start":{"line":6,"column":8719},"end":{"line":6,"column":8835}},"type":"if","locations":[{"start":{"line":6,"column":8719},"end":{"line":6,"column":8835}},{"start":{"line":6,"column":8719},"end":{"line":6,"column":8835}}],"line":6},"84":{"loc":{"start":{"line":6,"column":8763},"end":{"line":6,"column":8823}},"type":"if","locations":[{"start":{"line":6,"column":8763},"end":{"line":6,"column":8823}},{"start":{"line":6,"column":8763},"end":{"line":6,"column":8823}}],"line":6},"85":{"loc":{"start":{"line":6,"column":9007},"end":{"line":6,"column":9047}},"type":"binary-expr","locations":[{"start":{"line":6,"column":9007},"end":{"line":6,"column":9029}},{"start":{"line":6,"column":9034},"end":{"line":6,"column":9046}}],"line":6},"86":{"loc":{"start":{"line":7,"column":176},"end":{"line":7,"column":263}},"type":"if","locations":[{"start":{"line":7,"column":176},"end":{"line":7,"column":263}},{"start":{"line":7,"column":176},"end":{"line":7,"column":263}}],"line":7},"87":{"loc":{"start":{"line":12,"column":16},"end":{"line":20,"column":7}},"type":"switch","locations":[{"start":{"line":13,"column":8},"end":{"line":16,"column":14}},{"start":{"line":17,"column":8},"end":{"line":17,"column":15}},{"start":{"line":18,"column":8},"end":{"line":19,"column":33}}],"line":12},"88":{"loc":{"start":{"line":30,"column":16},"end":{"line":38,"column":7}},"type":"switch","locations":[{"start":{"line":31,"column":8},"end":{"line":34,"column":14}},{"start":{"line":35,"column":8},"end":{"line":35,"column":15}},{"start":{"line":36,"column":8},"end":{"line":37,"column":34}}],"line":30},"89":{"loc":{"start":{"line":48,"column":16},"end":{"line":56,"column":7}},"type":"switch","locations":[{"start":{"line":49,"column":8},"end":{"line":52,"column":14}},{"start":{"line":53,"column":8},"end":{"line":53,"column":15}},{"start":{"line":54,"column":8},"end":{"line":55,"column":34}}],"line":48},"90":{"loc":{"start":{"line":67,"column":16},"end":{"line":91,"column":7}},"type":"switch","locations":[{"start":{"line":68,"column":8},"end":{"line":76,"column":65}},{"start":{"line":77,"column":8},"end":{"line":80,"column":61}},{"start":{"line":81,"column":8},"end":{"line":87,"column":14}},{"start":{"line":88,"column":8},"end":{"line":88,"column":15}},{"start":{"line":89,"column":8},"end":{"line":90,"column":34}}],"line":67},"91":{"loc":{"start":{"line":70,"column":10},"end":{"line":74,"column":11}},"type":"if","locations":[{"start":{"line":70,"column":10},"end":{"line":74,"column":11}},{"start":{"line":70,"column":10},"end":{"line":74,"column":11}}],"line":70},"92":{"loc":{"start":{"line":101,"column":16},"end":{"line":109,"column":7}},"type":"switch","locations":[{"start":{"line":102,"column":8},"end":{"line":105,"column":14}},{"start":{"line":106,"column":8},"end":{"line":106,"column":15}},{"start":{"line":107,"column":8},"end":{"line":108,"column":34}}],"line":101},"93":{"loc":{"start":{"line":119,"column":16},"end":{"line":127,"column":7}},"type":"switch","locations":[{"start":{"line":120,"column":8},"end":{"line":123,"column":14}},{"start":{"line":124,"column":8},"end":{"line":124,"column":15}},{"start":{"line":125,"column":8},"end":{"line":126,"column":34}}],"line":119},"94":{"loc":{"start":{"line":137,"column":16},"end":{"line":145,"column":7}},"type":"switch","locations":[{"start":{"line":138,"column":8},"end":{"line":141,"column":14}},{"start":{"line":142,"column":8},"end":{"line":142,"column":15}},{"start":{"line":143,"column":8},"end":{"line":144,"column":34}}],"line":137},"95":{"loc":{"start":{"line":155,"column":16},"end":{"line":163,"column":7}},"type":"switch","locations":[{"start":{"line":156,"column":8},"end":{"line":159,"column":14}},{"start":{"line":160,"column":8},"end":{"line":160,"column":15}},{"start":{"line":161,"column":8},"end":{"line":162,"column":34}}],"line":155},"96":{"loc":{"start":{"line":173,"column":16},"end":{"line":181,"column":7}},"type":"switch","locations":[{"start":{"line":174,"column":8},"end":{"line":177,"column":14}},{"start":{"line":178,"column":8},"end":{"line":178,"column":15}},{"start":{"line":179,"column":8},"end":{"line":180,"column":34}}],"line":173},"97":{"loc":{"start":{"line":191,"column":16},"end":{"line":199,"column":7}},"type":"switch","locations":[{"start":{"line":192,"column":8},"end":{"line":195,"column":14}},{"start":{"line":196,"column":8},"end":{"line":196,"column":15}},{"start":{"line":197,"column":8},"end":{"line":198,"column":35}}],"line":191}},"s":{"0":0,"1":0,"2":0,"3":1,"4":1,"5":1,"6":20,"7":1,"8":1,"9":1,"10":1,"11":0,"12":1,"13":1,"14":1,"15":1,"16":13,"17":1,"18":1,"19":0,"20":0,"21":11,"22":11,"23":11,"24":11,"25":24,"26":24,"27":0,"28":1,"29":1,"30":1,"31":1,"32":1,"33":1,"34":1,"35":1,"36":0,"37":1,"38":1,"39":1,"40"
[...]
40":0,"141":0,"142":2,"143":2,"144":2,"145":0,"146":2,"147":1,"148":0,"149":1,"150":1,"151":1,"152":1,"153":1,"154":1,"155":1,"156":0,"157":1,"158":1,"159":1,"160":1,"161":0,"162":0,"163":0,"164":0,"165":1,"166":1,"167":1,"168":0,"169":0,"170":0,"171":0,"172":4,"173":4,"174":8,"175":8,"176":0,"177":0,"178":4,"179":4,"180":4,"181":4,"182":0,"183":4,"184":0,"185":0,"186":0,"187":0,"188":0,"189":1,"190":1,"191":1,"192":1,"193":1,"194":1,"195":1,"196":1,"197":1,"198":0,"199":0,"200":5,"201":5,"202":5,"203":0,"204":0,"205":5,"206":2,"207":3,"208":1,"209":2,"210":2,"211":2,"212":2,"213":5,"214":0,"215":2,"216":1,"217":1,"218":2,"219":8,"220":9,"221":2,"222":2,"223":1,"224":1,"225":0,"226":0,"227":0,"228":0,"229":0,"230":0,"231":0,"232":0,"233":0,"234":0,"235":0,"236":0,"237":0,"238":0,"239":0,"240":1,"241":1,"242":1,"243":1,"244":1,"245":1,"246":1,"247":1,"248":1,"249":1,"250":1,"251":1,"252":1,"253":1,"254":1,"255":0,"256":0,"257":1,"258":1,"259":1,"260":1,"261":2,"262":1,"263":2,"264":1},"f":{"0":0,"1":0,"2":0,"3":1,"4":1,"5":2,"6":0,"7":13,"8":0,"9":2,"10":8,"11":0,"12":0,"13":0,"14":0,"15":2,"16":6,"17":5,"18":0,"19":0,"20":0,"21":0,"22":0,"23":0,"24":0,"25":0,"26":0,"27":2,"28":5,"29":0,"30":2,"31":5,"32":2,"33":1,"34":0,"35":0,"36":1,"37":0,"38":0,"39":0,"40":0,"41":0,"42":0,"43":0,"44":0,"45":2,"46":2,"47":1,"48":1,"49":4,"50":4,"51":0,"52":1,"53":0,"54":5,"55":1,"56":2,"57":2,"58":5,"59":0,"60":1,"61":2,"62":8,"63":2},"b":{"0":[0,0],"1":[0,0],"2":[0,0],"3":[0,0,0,0],"4":[0,1],"5":[1,1],"6":[1,0],"7":[1,0],"8":[1,0],"9":[1,0],"10":[1,0],"11":[2,0],"12":[2,2],"13":[2,0],"14":[1,1],"15":[1,1,1,1],"16":[0,0],"17":[0,0],"18":[0,0,0],"19":[0,0],"20":[0,5],"21":[0,5],"22":[0,0],"23":[0,8],"24":[0,0],"25":[0,0],"26":[5,3],"27":[1,2],"28":[0,1],"29":[2,2],"30":[7,1],"31":[2,5],"32":[2,5],"33":[1,1],"34":[0,0],"35":[0,0,0,0,0],"36":[0,0],"37":[0,0],"38":[0,0],"39":[0,0],"40":[2,2],"41":[2,0],"42":[5,4],"43":[1,0],"44":[1,0],"45":[1,0],"46":[0,0],"47":[0,0],"48":[0,0],"49":[0,0],"50":[0,0,0],"51":[0,0],"52":[1,0],"53":[0,0],"54":[0,0],"55":[0,0],"56":[0,0],"57":[0,2],"58":[0,0,0,0],"59":[0,2],"60":[0,1],"61":[1,1],"62":[0,1],"63":[1,0],"64":[0,1],"65":[1,1],"66":[0,0],"67":[0,0],"68":[1,0],"69":[1,0],"70":[0,0],"71":[0,0],"72":[0,8],"73":[8,4,0],"74":[4,0,0,0,0,0],"75":[0,4],"76":[0,4],"77":[0,4],"78":[0,4],"79":[4,4],"80":[4,0],"81":[0,0,0],"82":[0,0],"83":[1,0],"84":[1,0],"85":[0,0],"86":[2,3],"87":[2,0,0,0,1,1,1,1,0,1,0,2],"88":[1,0],"89":[0,0],"90":[0,0],"91":[1,0],"92":[1,1]},"inputSourceMap":{"version":3,"names":["_packageService","_interopRequireDefault","require","obj","__esModule","_regeneratorRuntime","e","t","r","Object","prototype","n","hasOwnProperty","o","defineProperty","value","i","Symbol","a","iterator","c","asyncIterator","u","toStringTag","define","enumerable","configurable","writable","wrap","Generator","create","Context","makeInvokeMethod","tryCatch","type","arg","call","h","l","f","s","y","GeneratorFunction","GeneratorFunctionPrototype","p","d","getPrototypeOf","v","values","g","defineIteratorMethods","forEach","_invoke","AsyncIterator","invoke","_typeof","resolve","__await","then","callInvokeWithMethodAndArg","Error","done","method","delegate","maybeInvokeDelegate","sent","_sent","dispatchException","abrupt","TypeError","resultName","next","nextLoc","pushTryEntry","tryLoc","catchLoc","finallyLoc","afterLoc","tryEntries","push","resetTryEntry","completion","reset","isNaN","length","displayName","isGeneratorFunction","constructor","name","mark","setPrototypeOf","__proto__","awrap","async","Promise","keys","reverse","pop","prev","charAt","slice","stop","rval","handle","complete","finish","_catch","delegateYield","asyncGeneratorStep","gen","reject","_next","_throw","key","info","error","_asyncToGenerator","fn","self","args","arguments","apply","err","undefined","getPackageList","_ref","_callee","req","res","itemsPerPage","data","totalList","totalPage","_itemsPerPage","_data","_totalList","_totalPage","_callee$","_context","query","page","packageService","getAllPackageList","t0","t1","status","json","EM","EC","DT","TotalPage","t2","t3","t4","console","log","_x","_x2","module","exports"],"sourceRoot":"C:\\Users\\FPT\\Documents\\HK5\\SE347\\TravelBookingProject\\backend\\src\\controller\\","sources":["apiController.js"],"sourcesContent":["import packageService from '../services/packageService';\r\nconst getPackageList = async (req, res) => {\r\n    try {\r\n        if (req.query.page != null) {\r\n            const itemsPerPage = 10;\r\n            let data = await packageService.getPackageList(req.query.page);\r\n            let totalList = await packageService.getAllPackageList();\r\n            let totalPage = await totalList.length / itemsPerPage;\r\n            if (totalPage < 1 && totalPage > 0) {\r\n                totalPage = 1;\r\n            }\r\n            return res.status(200).json({\r\n                EM: data.EM,\r\n                EC: data.EC,\r\n                DT: data,\r\n                TotalPage: totalPage,\r\n            });\r\n        }\r\n        else {\r\n            const itemsPerPage = 10;\r\n            let data = await packageService.getPackageList(1);\r\n            let totalList = await packageService.getAllPackageList();\r\n            let totalPage = await totalList.length / itemsPerPage;\r\n            if (totalPage < 1 && totalPage > 0) {\r\n                totalPage = 1;\r\n            }\r\n            return res.status(200).json({\r\n                EM: data.EM,\r\n                EC: data.EC,\r\n                DT: data,\r\n                TotalPage: totalPage,\r\n            });\r\n        }\r\n    } catch (error) {\r\n        console.log('Error caught:', error);\r\n        return res.status(500).json({\r\n            EM: 'error from server', //error message\r\n            EC: '-1', //error code\r\n            DT: '',\r\n        })\r\n    }\r\n}\r\nmodule.exports = {\r\n    getPackageList\r\n}"],"mappings":";;;AAAA,IAAAA,eAAA,GAAAC,sBAAA,CAAAC,OAAA;AAAwD,SAAAD,uBAAAE,GAAA,WAAAA,GAAA,IAAAA,GAAA,CAAAC,UAAA,GAAAD,GAAA,gBAAAA,GAAA;AAAA,SAAAE,oBAAA,kBACxD,qJAAAA,mBAAA,YAAAA,oBAAA,WAAAC,CAAA,SAAAC,CAAA,EAAAD,CAAA,OAAAE,CAAA,GAAAC,MAAA,CAAAC,SAAA,EAAAC,CAAA,GAAAH,CAAA,CAAAI,cAAA,EAAAC,CAAA,GAAAJ,MAAA,CAAAK,cAAA,cAAAP,CAAA,EAAAD,CAAA,EAAAE,CAAA,IAAAD,CAAA,CAAAD,CAAA,IAAAE,CAAA,CAAAO,KAAA,KAAAC,CAAA,wBAAAC,MAAA,GAAAA,MAAA,OAAAC,CAAA,GAAAF,CAAA,CAAAG,QAAA,kBAAAC,CAAA,GAAAJ,CAAA,CAAAK,aAAA,uBAAAC,CAAA,GAAAN,CAAA,CAAAO,WAAA,8BAAAC,OAAAjB,CAAA,EAAAD,CAAA,EAAAE,CAAA,WAAAC,MAAA,CAAAK,cAAA,CAAAP,CAAA,EAAAD,CAAA,IAAAS,KAAA,EAAAP,CAAA,EAAAiB,UAAA,MAAAC,YAAA,MAAAC,QAAA,SAAApB,CAAA,CAAAD,CAAA,WAAAkB,MAAA,mBAAAjB,CAAA,IAAAiB,MAAA,YAAAA,OAAAjB,CAAA,EAAAD,CAAA,EAAAE,CAAA,WAAAD,CAAA,CAAAD,CAAA,IAAAE,CAAA,gBAAAoB,KAAArB,CAAA,EAAAD,CAAA,EAAAE,CAAA,EAAAG,CAAA,QAAAK,CAAA,GAAAV,CAAA,IAAAA,CAAA,CAAAI,SAAA,YAAAmB,SAAA,GAAAvB,CAAA,GAAAuB,SAAA,EAAAX,CAAA,GAAAT,MAAA,CAAAqB,MAAA,CAAAd,CAAA,CAAAN,SAAA,GAAAU,CAAA,OAAAW,OAAA,CAAApB,CAAA,gBAAAE,CAAA,CAAAK,CAAA,eAAAH,KAAA,EAAAiB,gBAAA,CAAAzB,CAAA,EAAAC,CAAA,EAAAY,CAAA,MAAAF,CAAA,aAAAe,SAAA1B,CAAA,EAAAD,CAAA,EAAAE,CAAA,mBAAA0B,IAAA,YAAAC,GAAA,EAAA5B,CAAA,CAAA6B,IAAA,CAAA9B,CAAA,EAAAE,CAAA,cAAAD,CAAA,aAAA2B,IAAA,WAAAC,GAAA,EAAA5B,CAAA,QAAAD,CAAA,CAAAsB,IAAA,GAAAA,IAAA,MAAAS,CAAA,qBAAAC,CAAA,qBAAAC,CAAA,gBAAAC,CAAA,gBAAAC,CAAA,gBAAAZ,UAAA,cAAAa,kBAAA,cAAAC,2BAAA,SAAAC,CAAA,OAAApB,MAAA,CAAAoB,CAAA,EAAA1B,CAAA,qCAAA2B,CAAA,GAAApC,MAAA,CAAAqC,cAAA,EAAAC,CAAA,GAAAF,CAAA,IAAAA,CAAA,CAAAA,CAAA,CAAAG,MAAA,QAAAD,CAAA,IAAAA,CAAA,KAAAvC,CAAA,IAAAG,CAAA,CAAAyB,IAAA,CAAAW,CAAA,EAAA7B,CAAA,MAAA0B,CAAA,GAAAG,CAAA,OAAAE,CAAA,GAAAN,0BAAA,CAAAjC,SAAA,GAAAmB,SAAA,CAAAnB,SAAA,GAAAD,MAAA,CAAAqB,MAAA,CAAAc,CAAA,YAAAM,sBAAA3C,CAAA,gCAAA4C,OAAA,WAAA7C,CAAA,IAAAkB,MAAA,CAAAjB,CAAA,EAAAD,CAAA,YAAAC,CAAA,gBAAA6C,OAAA,CAAA9C,CAAA,EAAAC,CAAA,sBAAA8C,cAAA9C,CAAA,EAAAD,CAAA,aAAAgD,OAAA9C,CAAA,EAAAK,CAAA,EAAAG,CAAA,EAAAE,CAAA,QAAAE,CAAA,GAAAa,QAAA,CAAA1B,CAAA,CAAAC,CAAA,GAAAD,CAAA,EAAAM,CAAA,mBAAAO,CAAA,CAAAc,IAAA,QAAAZ,CAAA,GAAAF,CAAA,CAAAe,GAAA,EAAAE,CAAA,GAAAf,CAAA,CAAAP,KAAA,SAAAsB,CAAA,gBAAAkB,OAAA,CAAAlB,CAAA,KAAA1B,CAAA,CAAAyB,IAAA,CAAAC,CAAA,eAAA/B,CAAA,CAAAkD,OAAA,CAAAnB,CAAA,CAAAoB,OAAA,EAAAC,IAAA,WAAAnD,CAAA,IAAA+C,MAAA,SAAA/C,CAAA,EAAAS,CAAA,EAAAE,CAAA,gBAAAX,CAAA,IAAA+C,MAAA,UAAA/C,CAAA,EAAAS,CAAA,EAAAE,CAAA,QAAAZ,CAAA,CAAAkD,OAAA,CAAAnB,CAAA,EAAAqB,IAAA,WAAAnD,CAAA,IAAAe,CAAA,CAAAP,KAAA,GAAAR,CAAA,EAAAS,CAAA,CAAAM,CAAA,gBAAAf,CAAA,WAAA+C,MAAA,UAAA/C,CAAA,EAAAS,CAAA,EAAAE,CAAA,SAAAA,CAAA,CAAAE,CAAA,CAAAe,GAAA,SAAA3B,CAAA,EAAAK,CAAA,oBAAAE,KAAA,WAAAA,MAAAR,CAAA,EAAAI,CAAA,aAAAgD,2BAAA,eAAArD,CAAA,WAAAA,CAAA,EAAAE,CAAA,IAAA8C,MAAA,CAAA/C,CAAA,EAAAI,CAAA,EAAAL,CAAA,EAAAE,CAAA,gBAAAA,CAAA,GAAAA,CAAA,GAAAA,CAAA,CAAAkD,IAAA,CAAAC,0BAAA,EAAAA,0BAAA,IAAAA,0BAAA,qBAAA3B,iBAAA1B,CAAA,EAAAE,CAAA,EAAAG,CAAA,QAAAE,CAAA,GAAAwB,CAAA,mBAAArB,CAAA,EAAAE,CAAA,QAAAL,CAAA,KAAA0B,CAAA,YAAAqB,KAAA,sCAAA/C,CAAA,KAAA2B,CAAA,oBAAAxB,CAAA,QAAAE,CAAA,WAAAH,KAAA,EAAAR,CAAA,EAAAsD,IAAA,eAAAlD,CAAA,CAAAmD,MAAA,GAAA9C,CAAA,EAAAL,CAAA,CAAAwB,GAAA,GAAAjB,CAAA,UAAAE,CAAA,GAAAT,CAAA,CAAAoD,QAAA,MAAA3C,CAAA,QAAAE,CAAA,GAAA0C,mBAAA,CAAA5C,CAAA,EAAAT,CAAA,OAAAW,CAAA,QAAAA,CAAA,KAAAmB,CAAA,mBAAAnB,CAAA,qBAAAX,CAAA,CAAAmD,MAAA,EAAAnD,CAAA,CAAAsD,IAAA,GAAAtD,CAAA,CAAAuD,KAAA,GAAAvD,CAAA,CAAAwB,GAAA,sBAAAxB,CAAA,CAAAmD,MAAA,QAAAjD,CAAA,KAAAwB,CAAA,QAAAxB,CAAA,GAAA2B,CAAA,EAAA7B,CAAA,CAAAwB,GAAA,EAAAxB,CAAA,CAAAwD,iBAAA,CAAAxD,CAAA,CAAAwB,GAAA,uBAAAxB,CAAA,CAAAmD,MAAA,IAAAnD,CAAA,CAAAyD,MAAA,WAAAzD,CAAA,CAAAwB,GAAA,GAAAtB,CAAA,GAAA0B,CAAA,MAAAK,CAAA,GAAAX,QAAA,CAAA3B,CAAA,EAAAE,CAAA,EAAAG,CAAA,oBAAAiC,CAAA,CAAAV,IAAA,QAAArB,CAAA,GAAAF,CAAA,CAAAkD,IAAA,GAAArB,CAAA,GAAAF,CAAA,EAAAM,CAAA,CAAAT,GAAA,KAAAM,CAAA,qBAAA1B,KAAA,EAAA6B,CAAA,CAAAT,GAAA,EAAA0B,IAAA,EAAAlD,CAAA,CAAAkD,IAAA,kBAAAjB,CAAA,CAAAV,IAAA,KAAArB,CAAA,GAAA2B,CAAA,EAAA7B,CAAA,CAAAmD,MAAA,YAAAnD,CAAA,CAAAwB,GAAA,GAAAS,CAAA,CAAAT,GAAA,mBAAA6B,oBAAA1D,CAAA,EAAAE,CAAA,QAAAG,CAAA,GAAAH,CAAA,CAAAsD,MAAA,EAAAjD,CAAA,GAAAP,CAAA,CAAAa,QAAA,CAAAR,CAAA,OAAAE,CAAA,KAAAN,CAAA,SAAAC,CAAA,CAAAuD,QAAA,qBAAApD,CAAA,IAAAL,CAAA,CAAAa,QAAA,eAAAX,CAAA,CAAAsD,MAAA,aAAAtD,CAAA,CAAA2B,GAAA,GAAA5B,CAAA,EAAAyD,mBAAA,CAAA1D,CAAA,EAAAE,CAAA,eAAAA,CAAA,CAAAsD,MAAA,kBAAAnD,CAAA,KAAAH,CAAA,CAAAsD,MAAA,YAAAtD,CAAA,CAAA2B,GAAA,OAAAkC,SAAA,uCAAA1D,CAAA,iBAAA8B,CAAA,MAAAzB,CAAA,GAAAiB,QAAA,CAAApB,CAAA,EAAAP,CAAA,CAAAa,QAAA,EAAAX,CAAA,CAAA2B,GAAA,mBAAAnB,CAAA,CAAAkB,IAAA,SAAA1B,CAAA,CAAAsD,MAAA,YAAAtD,CAAA,CAAA2B,GAAA,GAAAnB,CAAA,CAAAmB,GAAA,EAAA3B,CAAA,CAAAuD,QAAA,SAAAtB,CAAA,MAAAvB,CAAA,GAAAF,CAAA,CAAAmB,GAAA,SAAAjB,CAAA,GAAAA,CAAA,CAAA2C,IAAA,IAAArD,CAAA,CAAAF,CAAA,CAAAgE,UAAA,IAAApD,CAAA,CAAAH,KAAA,EAAAP,CAAA,CAAA+D,IAAA,GAAAjE,CAAA,CAAAkE,OAAA,eAAAhE,CAAA,CAAAsD,MAAA,KAAAtD,CAAA,CAAAsD,MAAA,WAAAtD,CAAA,CAAA2B,GAAA,GAAA5B,CAAA,GAAAC,CAAA,CAAAuD,QAAA,SAAAtB,CAAA,IAAAvB,CAAA,IAAAV,CAAA,CAAAsD,MAAA,YAAAtD,CAAA,CAAA2B,GAAA,OAAAkC,SAAA,sCAAA7D,CAAA,CAAAuD,QAAA,SAAAtB,CAAA,cAAAgC,aAAAlE,CAAA,QAAAD,CAAA,KAAAoE,MAAA,EAAAnE,CAAA,YAAAA,CAAA,KAAAD,CAAA,CAAAqE,QAAA,GAAApE,CAAA,WAAAA,CAAA,KAAAD,CAAA,CAAAsE,UAAA,GAAArE,CAAA,KAAAD,CAAA,CAAAuE,QAAA,GAAAtE,CAAA,WAAAuE,UAAA,CAAAC,IAAA,CAAAzE,CAAA,cAAA0E,cAAAzE,CAAA,QAAAD,CAAA,GAAAC,CAAA,CAAA0E,UAAA,QAAA3E,CAAA,CAAA4B,IAAA,oBAAA5B,CAAA,CAAA6B,GAAA,EAAA5B,CAAA,CAAA0E,UAAA,GAAA3E,CAAA,aAAAyB,QAAAxB,CAAA,SAAAuE,UAAA,MAAAJ,MAAA,aAAAnE,CAAA,CAAA4C,OAAA,CAAAsB,YAAA,cAAAS,KAAA,iBAAAlC,OAAA1C,CAAA,QAAAA,CAAA,WAAAA,CAAA,QAAAE,CAAA,GAAAF,CAAA,CAAAY,CAAA,OAAAV,CAAA,SAAAA,CAAA,CAAA4B,IAAA,CAAA9B,CAAA,4BAAAA,CAAA,CAAAiE,IAAA,SAAAjE,CAAA,OAAA6E,KAAA,CAAA7E,CAAA,CAAA8E,MAAA,SAAAvE,CAAA,OAAAG,CAAA,YAAAuD,KAAA,aAAA1D,CAAA,GAAAP,CAAA,CAAA8E,MAAA,OAAAzE,CAAA,CAAAyB,IAAA,CAAA9B,CAAA,EAAAO,CAAA,UAAA0D,IAAA,CAAAxD,KAAA,GAAAT,CAAA,CAAAO,CAAA,GAAA0D,IAAA,CAAAV,IAAA,OAAAU,IAAA,SAAAA,IAAA,CAAAxD,KAAA,GAAAR,CAAA,EAAAgE,IAAA,CAAAV,IAAA,OAAAU,IAAA,YAAAvD,CAAA,CAAAuD,IAAA,GAAAvD,CAAA,gBAAAqD,SAAA,CAAAd,OAAA,CAAAjD,CAAA,kCAAAoC,iBAAA,CAAAhC,SAAA,GAAAiC,0BAAA,EAAA9B,CAAA,CAAAoC,CAAA,mBAAAlC,KAAA,EAAA4B,0BAAA,EAAAjB,YAAA,SAAAb,CAAA,CAAA8B,0BAAA,mBAAA5B,KAAA,EAAA2B,iBAAA,EAAAhB,YAAA,SAAAgB,iBAAA,CAAA2C,WAAA,GAAA7D,MAAA,CAAAmB,0BAAA,EAAArB,CAAA,wBAAAhB,CAAA,CAAAgF,mBAAA,aAAA/E,CAAA,QAAAD,CAAA,wBAAAC,CAAA,IAAAA,CAAA,CAAAgF,WAAA,WAAAjF,CAAA,KAAAA,CAAA,KAAAoC,iBAAA,6BAAApC,CAAA,CAAA+E,WAAA,IAAA/E,CAAA,CAAAkF,IAAA,OAAAlF,CAAA,CAAAmF,IAAA,aAAAlF,CAAA,WAAAE,MAAA,CAAAiF,cAAA,GAAAjF,MAAA,CAAAiF,cAAA,CAAAnF,CAAA,EAAAoC,0BAAA,KAAApC,CAAA,CAAAoF,SAAA,GAAAhD,0BAAA,EAAAnB,MAAA,CAAAjB,CAAA,EAAAe,CAAA,yBAAAf,CAAA,CAAAG,SAAA,GAAAD,MAAA,CAAAqB,MAAA,CAAAmB,CAAA,GAAA1C,CAAA,KAAAD,CAAA,CAAAsF,KAAA,aAAArF,CAAA,aAAAkD,OAAA,EAAAlD,CAAA,OAAA2C,qBAAA,CAAAG,aAAA,CAAA3C,SAAA,GAAAc,MAAA,CAAA6B,aAAA,CAAA3C,SAAA,EAAAU,CAAA,iCAAAd,CAAA,CAAA+C,aAAA,GAAAA,aAAA,EAAA/C,CAAA,CAAAuF,KAAA,aAAAtF,CAAA,EAAAC,CAAA,EAAAG,CAAA,EAAAE,CAAA,EAAAG,CAAA,eAAAA,CAAA,KAAAA,CAAA,GAAA8E,OAAA,OAAA5E,CAAA,OAAAmC,aAAA,CAAAzB,IAAA,CAAArB,CAAA,EAAAC,CAAA,EAAAG,CAAA,EAAAE,CAAA,GAAAG,CAAA,UAAAV,CAAA,CAAAgF,mBAAA,CAAA9E,CAAA,IAAAU,CAAA,GAAAA,CAAA,CAAAqD,IAAA,GAAAb,IAAA,WAAAnD,CAAA,WAAAA,CAAA,CAAAsD,IAAA,GAAAtD,CAAA,CAAAQ,KAAA,GAAAG,CAAA,CAAAqD,IAAA,WAAArB,qBAAA,CAAAD,CAAA,GAAAzB,MAAA,CAAAyB,CAAA,EAAA3B,CAAA,gBAAAE,MAAA,CAAAyB,CAAA,EAAA/B,CAAA,iCAAAM,MAAA,CAAAyB,CAAA,6DAAA3C,CAAA,CAAAyF,IAAA,aAAAxF,CAAA,QAAAD,CAAA,GAAAG,MAAA,CAAAF,CAAA,GAAAC,CAAA,gBAAAG,CAAA,IAAAL,CAAA,EAAAE,CAAA,CAAAuE,IAAA,CAAApE,CAAA,UAAAH,CAAA,CAAAwF,OAAA,aAAAzB,KAAA,WAAA/D,CAAA,CAAA4E,MAAA,SAAA7E,CAAA,GAAAC,CAAA,CAAAyF,GAAA,QAAA1F,CAAA,IAAAD,CAAA,SAAAiE,IAAA,CAAAxD,KAAA,GAAAR,CAAA,EAAAgE,IAAA,CAAAV,IAAA,OAAAU,IAAA,WAAAA,IAAA,CAAAV,IAAA,OAAAU,IAAA,QAAAjE,CAAA,CAAA0C,MAAA,GAAAA,MAAA,EAAAjB,OAAA,CAAArB,SAAA,KAAA6E,WAAA,EAAAxD,OAAA,EAAAmD,KAAA,WAAAA,MAAA5E,CAAA,aAAA4F,IAAA,WAAA3B,IAAA,WAAAN,IAAA,QAAAC,KAAA,GAAA3D,CAAA,OAAAsD,IAAA,YAAAE,QAAA,cAAAD,MAAA,gBAAA3B,GAAA,GAAA5B,CAAA,OAAAuE,UAAA,CAAA3B,OAAA,CAAA6B,aAAA,IAAA1E,CAAA,WAAAE,CAAA,kBAAAA,CAAA,CAAA2F,MAAA,OAAAxF,CAAA,CAAAyB,IAAA,OAAA5B,CAAA,MAAA2E,KAAA,EAAA3E,CAAA,CAAA4F,KAAA,cAAA5F,CAAA,IAAAD,CAAA,MAAA8F,IAAA,WAAAA,KAAA,SAAAxC,IAAA,WAAAtD,CAAA,QAAAuE,UAAA,IAAAG,UAAA,kBAAA1E,CAAA,CAAA2B,IAAA,QAAA3B,CAAA,CAAA4B,GAAA,cAAAmE,IAAA,KAAAnC,iBAAA,WAAAA,kBAAA7D,CAAA,aAAAuD,IAAA,QAAAvD,CAAA,MAAAE,CAAA,kBAAA+F,OAAA5F,CAAA,EAAAE,CAAA,WAAAK,CAAA,CAAAgB,IAAA,YAAAhB,CAAA,CAAAiB,GAAA,GAAA7B,CAAA,EAAAE,CAAA,CAAA+D,IAAA,GAAA5D,CAAA,EAAAE,CAAA,KAAAL,CAAA,CAAAsD,MAAA,WAAAtD,CAAA,CAAA2B,GAAA,GAAA5B,CAAA,KAAAM,CAAA,aAAAA,CAAA,QAAAiE,UAAA,CAAAM,MAAA,MAAAvE,CAAA,SAAAA,CAAA,QAAAG,CAAA,QAAA8D,UAAA,CAAAjE,CAAA,GAAAK,CAAA,GAAAF,CAAA,CAAAiE,UAAA,iBAAAjE,CAAA,CAAA0D,MAAA,SAAA6B,MAAA,aAAAvF,CAAA,CAAA0D,MAAA,SAAAwB,IAAA,QAAA9E,CAAA,GAAAT,CAAA,CAAAyB,IAAA,CAAApB,CAAA,eAAAM,CAAA,GAAAX,CAAA,CAAAyB,IAAA,CAAApB,CAAA,qBAAAI,CAAA,IAAAE,CAAA,aAAA4E,IAAA,GAAAlF,CAAA,CAAA2D,QAAA,SAAA4B,MAAA,CAAAvF,CAAA,CAAA2D,QAAA,gBAAAuB,IAAA,GAAAlF,CAAA,CAAA4D,UAAA,SAAA2B,MAAA,CAAAvF,CAAA,CAAA4D,UAAA,cAAAxD,CAAA,aAAA8E,IAAA,GAAAlF,CAAA,CAAA2D,QAAA,SAAA4B,MAAA,CAAAvF,CAAA,CAAA2D,QAAA,qBAAArD,CAAA,YAAAsC,KAAA,qDAAAsC,IAAA,GAAAlF,CAAA,CAAA4D,UAAA,SAAA2B,MAAA,CAAAvF,CAAA,CAAA4D,UAAA,YAAAR,MAAA,WAAAA,OAAA7D,CAAA,EAAAD,CAAA,aAAAE,CAAA,QAAAsE,UAAA,CAAAM,MAAA,MAAA5E,CAAA,SAAAA,CAAA,QAAAK,CAAA,QAAAiE,UAAA,CAAAtE,CAAA,OAAAK,CAAA,CAAA6D,MAAA,SAAAwB,IAAA,IAAAvF,CAAA,CAAAyB,IAAA,CAAAvB,CAAA,wBAAAqF,IAAA,GAAArF,CAAA,CAAA+D,UAAA,QAAA5D,CAAA,GAAAH,CAAA,aAAAG,CAAA,iBAAAT,CAAA,mBAAAA,CAAA,KAAAS,CAAA,CAAA0D,MAAA,IAAApE,CAAA,IAAAA,CAAA,IAAAU,CAAA,CAAA4D,UAAA,KAAA5D,CAAA,cAAAE,CAAA,GAAAF,CAAA,GAAAA,CAAA,CAAAiE,UAAA,cAAA/D,CAAA,CAAAgB,IAAA,GAAA3B,CAAA,EAAAW,CAAA,CAAAiB,GAAA,GAAA7B,CAAA,EAAAU,CAAA,SAAA8C,MAAA,gBAAAS,IAAA,GAAAvD,CAAA,CAAA4D,UAAA,EAAAnC,CAAA,SAAA+D,QAAA,CAAAtF,CAAA,MAAAsF,QAAA,WAAAA,SAAAjG,CAAA,EAAAD,CAAA,oBAAAC,CAAA,CAAA2B,IAAA,QAAA3B,CAAA,CAAA4B,GAAA,qBAAA5B,CAAA,CAAA2B,IAAA,mBAAA3B,CAAA,CAAA2B,IAAA,QAAAqC,IAAA,GAAAhE,CAAA,CAAA4B,GAAA,gBAAA5B,CAAA,CAAA2B,IAAA,SAAAoE,IAAA,QAAAnE,GAAA,GAAA5B,CAAA,CAAA4B,GAAA,OAAA2B,MAAA,kBAAAS,IAAA,yBAAAhE,CAAA,CAAA2B,IAAA,IAAA5B,CAAA,UAAAiE,IAAA,GAAAjE,CAAA,GAAAmC,CAAA,KAAAgE,MAAA,WAAAA,OAAAlG,CAAA,aAAAD,CAAA,QAAAwE,UAAA,CAAAM,MAAA,MAAA9E,CAAA,SAAAA,CAAA,QAAAE,CAAA,QAAAsE,UAAA,CAAAxE,CAAA,OAAAE,CAAA,CAAAoE,UAAA,KAAArE,CAAA,cAAAiG,QAAA,CAAAhG,CAAA,CAAAyE,UAAA,EAAAzE,CAAA,CAAAqE,QAAA,GAAAG,aAAA,CAAAxE,CAAA,GAAAiC,CAAA,yBAAAiE,OAAAnG,CAAA,aAAAD,CAAA,QAAAwE,UAAA,CAAAM,MAAA,MAAA9E,CAAA,SAAAA,CAAA,QAAAE,CAAA,QAAAsE,UAAA,CAAAxE,CAAA,OAAAE,CAAA,CAAAkE,MAAA,KAAAnE,CAAA,QAAAI,CAAA,GAAAH,CAAA,CAAAyE,UAAA,kBAAAtE,CAAA,CAAAuB,IAAA,QAAArB,CAAA,GAAAF,CAAA,CAAAwB,GAAA,EAAA6C,aAAA,CAAAxE,CAAA,YAAAK,CAAA,gBAAA+C,KAAA,8BAAA+C,aAAA,WAAAA,cAAArG,CAAA,EAAAE,CAAA,EAAAG,CAAA,gBAAAoD,QAAA,KAAA5C,QAAA,EAAA6B,MAAA,CAAA1C,CAAA,GAAAgE,UAAA,EAAA9D,CAAA,EAAAgE,OAAA,EAAA7D,CAAA,oBAAAmD,MAAA,UAAA3B,GAAA,GAAA5B,CAAA,GAAAkC,CAAA,OAAAnC,CAAA;AAAA,SAAAsG,mBAAAC,GAAA,EAAArD,OAAA,EAAAsD,MAAA,EAAAC,KAAA,EAAAC,MAAA,EAAAC,GAAA,EAAA9E,GAAA,cAAA+E,IAAA,GAAAL,GAAA,CAAAI,GAAA,EAAA9E,GAAA,OAAApB,KAAA,GAAAmG,IAAA,CAAAnG,KAAA,WAAAoG,KAAA,IAAAL,MAAA,CAAAK,KAAA,iBAAAD,IAAA,CAAArD,IAAA,IAAAL,OAAA,CAAAzC,KAAA,YAAA+E,OAAA,CAAAtC,OAAA,CAAAzC,KAAA,EAAA2C,IAAA,CAAAqD,KAAA,EAAAC,MAAA;AAAA,SAAAI,kBAAAC,EAAA,6BAAAC,IAAA,SAAAC,IAAA,GAAAC,SAAA,aAAA1B,OAAA,WAAAtC,OAAA,EAAAsD,MAAA,QAAAD,GAAA,GAAAQ,EAAA,CAAAI,KAAA,CAAAH,IAAA,EAAAC,IAAA,YAAAR,MAAAhG,KAAA,IAAA6F,kBAAA,CAAAC,GAAA,EAAArD,OAAA,EAAAsD,MAAA,EAAAC,KAAA,EAAAC,MAAA,UAAAjG,KAAA,cAAAiG,OAAAU,GAAA,IAAAd,kBAAA,CAAAC,GAAA,EAAArD,OAAA,EAAAsD,MAAA,EAAAC,KAAA,EAAAC,MAAA,WAAAU,GAAA,KAAAX,KAAA,CAAAY,SAAA;AAAA,IAAMC,cAAc;EAAA,IAAAC,IAAA,GAAAT,iBAAA,eAAA/G,mBAAA,GAAAoF,IAAA,CAAG,SAAAqC,QAAOC,GAAG,EAAEC,GAAG;IAAA,IAAAC,YAAA,EAAAC,IAAA,EAAAC,SAAA,EAAAC,SAAA,EAAAC,aAAA,EAAAC,KAAA,EAAAC,UAAA,EAAAC,UAAA;IAAA,OAAAnI,mBAAA,GAAAuB,IAAA,UAAA6G,SAAAC,QAAA;MAAA,kBAAAA,QAAA,CAAAxC,IAAA,GAAAwC,QAAA,CAAAnE,IAAA;QAAA;UAAAmE,QAAA,CAAAxC,IAAA;UAAA,MAE1B6B,GAAG,CAACY,KAAK,CAACC,IAAI,IAAI,IAAI;YAAAF,QAAA,CAAAnE,IAAA;YAAA;UAAA;UAChB0D,YAAY,GAAG,EAAE;UAAAS,QAAA,CAAAnE,IAAA;UAAA,OACNsE,0BAAc,CAACjB,cAAc,CAACG,GAAG,CAACY,KAAK,CAACC,IAAI,CAAC;QAAA;UAA1DV,IAAI,GAAAQ,QAAA,CAAAzE,IAAA;UAAAyE,QAAA,CAAAnE,IAAA;UAAA,OACcsE,0BAAc,CAACC,iBAAiB,CAAC,CAAC;QAAA;UAApDX,SAAS,GAAAO,QAAA,CAAAzE,IAAA;UAAAyE,QAAA,CAAAnE,IAAA;UAAA,OACS4D,SAAS,CAAC/C,MAAM;QAAA;UAAAsD,QAAA,CAAAK,EAAA,GAAAL,QAAA,CAAAzE,IAAA;UAAAyE,QAAA,CAAAM,EAAA,GAAGf,YAAY;UAAjDG,SAAS,GAAAM,QAAA,CAAAK,EAAA,GAAAL,QAAA,CAAAM,EAAA;UACb,IAAIZ,SAAS,GAAG,CAAC,IAAIA,SAAS,GAAG,CAAC,EAAE;YAChCA,SAAS,GAAG,CAAC;UACjB;UAAC,OAAAM,QAAA,CAAAtE,MAAA,WACM4D,GAAG,CAACiB,MAAM,CAAC,GAAG,CAAC,CAACC,IAAI,CAAC;YACxBC,EAAE,EAAEjB,IAAI,CAACiB,EAAE;YACXC,EAAE,EAAElB,IAAI,CAACkB,EAAE;YACXC,EAAE,EAAEnB,IAAI;YACRoB,SAAS,EAAElB;UACf,CAAC,CAAC;QAAA;UAGIH,aAAY,GAAG,EAAE;UAAAS,QAAA,CAAAnE,IAAA;UAAA,OACNsE,0BAAc,CAACjB,cAAc,CAAC,CAAC,CAAC;QAAA;UAA7CM,KAAI,GAAAQ,QAAA,CAAAzE,IAAA;UAAAyE,QAAA,CAAAnE,IAAA;UAAA,OACcsE,0BAAc,CAACC,iBAAiB,CAAC,CAAC;QAAA;UAApDX,UAAS,GAAAO,QAAA,CAAAzE,IAAA;UAAAyE,QAAA,CAAAnE,IAAA;UAAA,OACS4D,UAAS,CAAC/C,MAAM;QAAA;UAAAsD,QAAA,CAAAa,EAAA,GAAAb,QAAA,CAAAzE,IAAA;UAAAyE,QAAA,CAAAc,EAAA,GAAGvB,aAAY;UAAjDG,UAAS,GAAAM,QAAA,CAAAa,EAAA,GAAAb,QAAA,CAAAc,EAAA;UACb,IAAIpB,UAAS,GAAG,CAAC,IAAIA,UAAS,GAAG,CAAC,EAAE;YAChCA,UAAS,GAAG,CAAC;UACjB;UAAC,OAAAM,QAAA,CAAAtE,MAAA,WACM4D,GAAG,CAACiB,MAAM,CAAC,GAAG,CAAC,CAACC,IAAI,CAAC;YACxBC,EAAE,EAAEjB,KAAI,CAACiB,EAAE;YACXC,EAAE,EAAElB,KAAI,CAACkB,EAAE;YACXC,EAAE,EAAEnB,KAAI;YACRoB,SAAS,EAAElB;UACf,CAAC,CAAC;QAAA;UAAAM,QAAA,CAAAnE,IAAA;UAAA;QAAA;UAAAmE,QAAA,CAAAxC,IAAA;UAAAwC,QAAA,CAAAe,EAAA,GAAAf,QAAA;UAGNgB,OAAO,CAACC,GAAG,CAAC,eAAe,EAAAjB,QAAA,CAAAe,EAAO,CAAC;UAAC,OAAAf,QAAA,CAAAtE,MAAA,WAC7B4D,GAAG,CAACiB,MAAM,CAAC,GAAG,CAAC,CAACC,IAAI,CAAC;YACxBC,EAAE,EAAE,mBAAmB;YAAE;YACzBC,EAAE,EAAE,IAAI;YAAE;YACVC,EAAE,EAAE;UACR,CAAC,CAAC;QAAA;QAAA;UAAA,OAAAX,QAAA,CAAArC,IAAA;MAAA;IAAA,GAAAyB,OAAA;EAAA,CAET;EAAA,gBAxCKF,cAAcA,CAAAgC,EAAA,EAAAC,GAAA;IAAA,OAAAhC,IAAA,CAAAJ,KAAA,OAAAD,SAAA;EAAA;AAAA,GAwCnB;AACDsC,MAAM,CAACC,OAAO,GAAG;EACbnC,cAAc,EAAdA;AACJ,CAAC"},"_coverageSchema":"1a1c01bbd47fc00a2c39e90264f33305004495a9","hash":"e6f6133d31438f1e338ad937fafb7641b1e84977","contentHash":"5aa26c568d5c178c4f90aa483f9e30dc038712dc9a041b294210e955078aa6e5"}}